Error: Cannot find module 'express'
Require stack:
- /var/www/file-server/src/index.js
    at Function.Module._resolveFilename (internal/modules/cjs/loader.js:815:15)
    at Module.Hook._require.Module.require (/usr/local/lib/node_modules/pm2/node_modules/require-in-the-middle/index.js:61:29)
    at require (internal/modules/cjs/helpers.js:74:18)
    at Object.<anonymous> (/var/www/file-server/src/index.js:1:17)
    at Module._compile (internal/modules/cjs/loader.js:999:30)
    at Object.Module._extensions..js (internal/modules/cjs/loader.js:1027:10)
    at Module.load (internal/modules/cjs/loader.js:863:32)
    at Function.Module._load (internal/modules/cjs/loader.js:708:14)
    at /usr/local/lib/node_modules/pm2/lib/ProcessContainer.js:303:25
    at wrapper (/usr/local/lib/node_modules/pm2/node_modules/async/internal/once.js:12:16)
Error: Cannot find module 'express'
Require stack:
- /var/www/file-server/src/index.js
    at Function.Module._resolveFilename (internal/modules/cjs/loader.js:815:15)
    at Module.Hook._require.Module.require (/usr/local/lib/node_modules/pm2/node_modules/require-in-the-middle/index.js:61:29)
    at require (internal/modules/cjs/helpers.js:74:18)
    at Object.<anonymous> (/var/www/file-server/src/index.js:1:17)
    at Module._compile (internal/modules/cjs/loader.js:999:30)
    at Object.Module._extensions..js (internal/modules/cjs/loader.js:1027:10)
    at Module.load (internal/modules/cjs/loader.js:863:32)
    at Function.Module._load (internal/modules/cjs/loader.js:708:14)
    at /usr/local/lib/node_modules/pm2/lib/ProcessContainer.js:303:25
    at wrapper (/usr/local/lib/node_modules/pm2/node_modules/async/internal/once.js:12:16)
Error: Cannot find module 'express'
Require stack:
- /var/www/file-server/src/index.js
    at Function.Module._resolveFilename (internal/modules/cjs/loader.js:815:15)
    at Module.Hook._require.Module.require (/usr/local/lib/node_modules/pm2/node_modules/require-in-the-middle/index.js:61:29)
    at require (internal/modules/cjs/helpers.js:74:18)
    at Object.<anonymous> (/var/www/file-server/src/index.js:1:17)
    at Module._compile (internal/modules/cjs/loader.js:999:30)
    at Object.Module._extensions..js (internal/modules/cjs/loader.js:1027:10)
    at Module.load (internal/modules/cjs/loader.js:863:32)
    at Function.Module._load (internal/modules/cjs/loader.js:708:14)
    at /usr/local/lib/node_modules/pm2/lib/ProcessContainer.js:303:25
    at wrapper (/usr/local/lib/node_modules/pm2/node_modules/async/internal/once.js:12:16)
Error: Cannot find module 'express'
Require stack:
- /var/www/file-server/src/index.js
    at Function.Module._resolveFilename (internal/modules/cjs/loader.js:815:15)
    at Module.Hook._require.Module.require (/usr/local/lib/node_modules/pm2/node_modules/require-in-the-middle/index.js:61:29)
    at require (internal/modules/cjs/helpers.js:74:18)
    at Object.<anonymous> (/var/www/file-server/src/index.js:1:17)
    at Module._compile (internal/modules/cjs/loader.js:999:30)
    at Object.Module._extensions..js (internal/modules/cjs/loader.js:1027:10)
    at Module.load (internal/modules/cjs/loader.js:863:32)
    at Function.Module._load (internal/modules/cjs/loader.js:708:14)
    at /usr/local/lib/node_modules/pm2/lib/ProcessContainer.js:303:25
    at wrapper (/usr/local/lib/node_modules/pm2/node_modules/async/internal/once.js:12:16)
Error: Cannot find module 'express'
Require stack:
- /var/www/file-server/src/index.js
    at Function.Module._resolveFilename (internal/modules/cjs/loader.js:815:15)
    at Module.Hook._require.Module.require (/usr/local/lib/node_modules/pm2/node_modules/require-in-the-middle/index.js:61:29)
    at require (internal/modules/cjs/helpers.js:74:18)
    at Object.<anonymous> (/var/www/file-server/src/index.js:1:17)
    at Module._compile (internal/modules/cjs/loader.js:999:30)
    at Object.Module._extensions..js (internal/modules/cjs/loader.js:1027:10)
    at Module.load (internal/modules/cjs/loader.js:863:32)
    at Function.Module._load (internal/modules/cjs/loader.js:708:14)
    at /usr/local/lib/node_modules/pm2/lib/ProcessContainer.js:303:25
    at wrapper (/usr/local/lib/node_modules/pm2/node_modules/async/internal/once.js:12:16)
Error: Cannot find module 'express'
Require stack:
- /var/www/file-server/src/index.js
    at Function.Module._resolveFilename (internal/modules/cjs/loader.js:815:15)
    at Module.Hook._require.Module.require (/usr/local/lib/node_modules/pm2/node_modules/require-in-the-middle/index.js:61:29)
    at require (internal/modules/cjs/helpers.js:74:18)
    at Object.<anonymous> (/var/www/file-server/src/index.js:1:17)
    at Module._compile (internal/modules/cjs/loader.js:999:30)
    at Object.Module._extensions..js (internal/modules/cjs/loader.js:1027:10)
    at Module.load (internal/modules/cjs/loader.js:863:32)
    at Function.Module._load (internal/modules/cjs/loader.js:708:14)
    at /usr/local/lib/node_modules/pm2/lib/ProcessContainer.js:303:25
    at wrapper (/usr/local/lib/node_modules/pm2/node_modules/async/internal/once.js:12:16)
Error: Cannot find module 'express'
Require stack:
- /var/www/file-server/src/index.js
    at Function.Module._resolveFilename (internal/modules/cjs/loader.js:815:15)
    at Module.Hook._require.Module.require (/usr/local/lib/node_modules/pm2/node_modules/require-in-the-middle/index.js:61:29)
    at require (internal/modules/cjs/helpers.js:74:18)
    at Object.<anonymous> (/var/www/file-server/src/index.js:1:17)
    at Module._compile (internal/modules/cjs/loader.js:999:30)
    at Object.Module._extensions..js (internal/modules/cjs/loader.js:1027:10)
    at Module.load (internal/modules/cjs/loader.js:863:32)
    at Function.Module._load (internal/modules/cjs/loader.js:708:14)
    at /usr/local/lib/node_modules/pm2/lib/ProcessContainer.js:303:25
    at wrapper (/usr/local/lib/node_modules/pm2/node_modules/async/internal/once.js:12:16)
Error: Cannot find module 'express'
Require stack:
- /var/www/file-server/src/index.js
    at Function.Module._resolveFilename (internal/modules/cjs/loader.js:815:15)
    at Module.Hook._require.Module.require (/usr/local/lib/node_modules/pm2/node_modules/require-in-the-middle/index.js:61:29)
    at require (internal/modules/cjs/helpers.js:74:18)
    at Object.<anonymous> (/var/www/file-server/src/index.js:1:17)
    at Module._compile (internal/modules/cjs/loader.js:999:30)
    at Object.Module._extensions..js (internal/modules/cjs/loader.js:1027:10)
    at Module.load (internal/modules/cjs/loader.js:863:32)
    at Function.Module._load (internal/modules/cjs/loader.js:708:14)
    at /usr/local/lib/node_modules/pm2/lib/ProcessContainer.js:303:25
    at wrapper (/usr/local/lib/node_modules/pm2/node_modules/async/internal/once.js:12:16)
Error: Cannot find module 'express'
Require stack:
- /var/www/file-server/src/index.js
    at Function.Module._resolveFilename (internal/modules/cjs/loader.js:815:15)
    at Module.Hook._require.Module.require (/usr/local/lib/node_modules/pm2/node_modules/require-in-the-middle/index.js:61:29)
    at require (internal/modules/cjs/helpers.js:74:18)
    at Object.<anonymous> (/var/www/file-server/src/index.js:1:17)
    at Module._compile (internal/modules/cjs/loader.js:999:30)
    at Object.Module._extensions..js (internal/modules/cjs/loader.js:1027:10)
    at Module.load (internal/modules/cjs/loader.js:863:32)
    at Function.Module._load (internal/modules/cjs/loader.js:708:14)
    at /usr/local/lib/node_modules/pm2/lib/ProcessContainer.js:303:25
    at wrapper (/usr/local/lib/node_modules/pm2/node_modules/async/internal/once.js:12:16)
Error: Cannot find module 'express'
Require stack:
- /var/www/file-server/src/index.js
    at Function.Module._resolveFilename (internal/modules/cjs/loader.js:815:15)
    at Module.Hook._require.Module.require (/usr/local/lib/node_modules/pm2/node_modules/require-in-the-middle/index.js:61:29)
    at require (internal/modules/cjs/helpers.js:74:18)
    at Object.<anonymous> (/var/www/file-server/src/index.js:1:17)
    at Module._compile (internal/modules/cjs/loader.js:999:30)
    at Object.Module._extensions..js (internal/modules/cjs/loader.js:1027:10)
    at Module.load (internal/modules/cjs/loader.js:863:32)
    at Function.Module._load (internal/modules/cjs/loader.js:708:14)
    at /usr/local/lib/node_modules/pm2/lib/ProcessContainer.js:303:25
    at wrapper (/usr/local/lib/node_modules/pm2/node_modules/async/internal/once.js:12:16)
Error: Cannot find module 'express'
Require stack:
- /var/www/file-server/src/index.js
    at Function.Module._resolveFilename (internal/modules/cjs/loader.js:815:15)
    at Module.Hook._require.Module.require (/usr/local/lib/node_modules/pm2/node_modules/require-in-the-middle/index.js:61:29)
    at require (internal/modules/cjs/helpers.js:74:18)
    at Object.<anonymous> (/var/www/file-server/src/index.js:1:17)
    at Module._compile (internal/modules/cjs/loader.js:999:30)
    at Object.Module._extensions..js (internal/modules/cjs/loader.js:1027:10)
    at Module.load (internal/modules/cjs/loader.js:863:32)
    at Function.Module._load (internal/modules/cjs/loader.js:708:14)
    at /usr/local/lib/node_modules/pm2/lib/ProcessContainer.js:303:25
    at wrapper (/usr/local/lib/node_modules/pm2/node_modules/async/internal/once.js:12:16)
Error: Cannot find module 'express'
Require stack:
- /var/www/file-server/src/index.js
    at Function.Module._resolveFilename (internal/modules/cjs/loader.js:815:15)
    at Module.Hook._require.Module.require (/usr/local/lib/node_modules/pm2/node_modules/require-in-the-middle/index.js:61:29)
    at require (internal/modules/cjs/helpers.js:74:18)
    at Object.<anonymous> (/var/www/file-server/src/index.js:1:17)
    at Module._compile (internal/modules/cjs/loader.js:999:30)
    at Object.Module._extensions..js (internal/modules/cjs/loader.js:1027:10)
    at Module.load (internal/modules/cjs/loader.js:863:32)
    at Function.Module._load (internal/modules/cjs/loader.js:708:14)
    at /usr/local/lib/node_modules/pm2/lib/ProcessContainer.js:303:25
    at wrapper (/usr/local/lib/node_modules/pm2/node_modules/async/internal/once.js:12:16)
Error: Cannot find module 'express'
Require stack:
- /var/www/file-server/src/index.js
    at Function.Module._resolveFilename (internal/modules/cjs/loader.js:815:15)
    at Module.Hook._require.Module.require (/usr/local/lib/node_modules/pm2/node_modules/require-in-the-middle/index.js:61:29)
    at require (internal/modules/cjs/helpers.js:74:18)
    at Object.<anonymous> (/var/www/file-server/src/index.js:1:17)
    at Module._compile (internal/modules/cjs/loader.js:999:30)
    at Object.Module._extensions..js (internal/modules/cjs/loader.js:1027:10)
    at Module.load (internal/modules/cjs/loader.js:863:32)
    at Function.Module._load (internal/modules/cjs/loader.js:708:14)
    at /usr/local/lib/node_modules/pm2/lib/ProcessContainer.js:303:25
    at wrapper (/usr/local/lib/node_modules/pm2/node_modules/async/internal/once.js:12:16)
Error: Cannot find module 'express'
Require stack:
- /var/www/file-server/src/index.js
    at Function.Module._resolveFilename (internal/modules/cjs/loader.js:815:15)
    at Module.Hook._require.Module.require (/usr/local/lib/node_modules/pm2/node_modules/require-in-the-middle/index.js:61:29)
    at require (internal/modules/cjs/helpers.js:74:18)
    at Object.<anonymous> (/var/www/file-server/src/index.js:1:17)
    at Module._compile (internal/modules/cjs/loader.js:999:30)
    at Object.Module._extensions..js (internal/modules/cjs/loader.js:1027:10)
    at Module.load (internal/modules/cjs/loader.js:863:32)
    at Function.Module._load (internal/modules/cjs/loader.js:708:14)
    at /usr/local/lib/node_modules/pm2/lib/ProcessContainer.js:303:25
    at wrapper (/usr/local/lib/node_modules/pm2/node_modules/async/internal/once.js:12:16)
Error: Cannot find module 'express'
Require stack:
- /var/www/file-server/src/index.js
    at Function.Module._resolveFilename (internal/modules/cjs/loader.js:815:15)
    at Module.Hook._require.Module.require (/usr/local/lib/node_modules/pm2/node_modules/require-in-the-middle/index.js:61:29)
    at require (internal/modules/cjs/helpers.js:74:18)
    at Object.<anonymous> (/var/www/file-server/src/index.js:1:17)
    at Module._compile (internal/modules/cjs/loader.js:999:30)
    at Object.Module._extensions..js (internal/modules/cjs/loader.js:1027:10)
    at Module.load (internal/modules/cjs/loader.js:863:32)
    at Function.Module._load (internal/modules/cjs/loader.js:708:14)
    at /usr/local/lib/node_modules/pm2/lib/ProcessContainer.js:303:25
    at wrapper (/usr/local/lib/node_modules/pm2/node_modules/async/internal/once.js:12:16)
Error: Cannot find module 'express'
Require stack:
- /var/www/file-server/src/index.js
    at Function.Module._resolveFilename (internal/modules/cjs/loader.js:815:15)
    at Module.Hook._require.Module.require (/usr/local/lib/node_modules/pm2/node_modules/require-in-the-middle/index.js:61:29)
    at require (internal/modules/cjs/helpers.js:74:18)
    at Object.<anonymous> (/var/www/file-server/src/index.js:1:17)
    at Module._compile (internal/modules/cjs/loader.js:999:30)
    at Object.Module._extensions..js (internal/modules/cjs/loader.js:1027:10)
    at Module.load (internal/modules/cjs/loader.js:863:32)
    at Function.Module._load (internal/modules/cjs/loader.js:708:14)
    at /usr/local/lib/node_modules/pm2/lib/ProcessContainer.js:303:25
    at wrapper (/usr/local/lib/node_modules/pm2/node_modules/async/internal/once.js:12:16)
Error: Cannot find module 'express'
Require stack:
- /var/www/file-server/src/index.js
    at Function.Module._resolveFilename (internal/modules/cjs/loader.js:815:15)
    at Module.Hook._require.Module.require (/usr/local/lib/node_modules/pm2/node_modules/require-in-the-middle/index.js:61:29)
    at require (internal/modules/cjs/helpers.js:74:18)
    at Object.<anonymous> (/var/www/file-server/src/index.js:1:17)
    at Module._compile (internal/modules/cjs/loader.js:999:30)
    at Object.Module._extensions..js (internal/modules/cjs/loader.js:1027:10)
    at Module.load (internal/modules/cjs/loader.js:863:32)
    at Function.Module._load (internal/modules/cjs/loader.js:708:14)
    at /usr/local/lib/node_modules/pm2/lib/ProcessContainer.js:303:25
    at wrapper (/usr/local/lib/node_modules/pm2/node_modules/async/internal/once.js:12:16)
Error: Cannot find module 'express'
Require stack:
- /var/www/file-server/src/index.js
    at Function.Module._resolveFilename (internal/modules/cjs/loader.js:815:15)
    at Module.Hook._require.Module.require (/usr/local/lib/node_modules/pm2/node_modules/require-in-the-middle/index.js:61:29)
    at require (internal/modules/cjs/helpers.js:74:18)
    at Object.<anonymous> (/var/www/file-server/src/index.js:1:17)
    at Module._compile (internal/modules/cjs/loader.js:999:30)
    at Object.Module._extensions..js (internal/modules/cjs/loader.js:1027:10)
    at Module.load (internal/modules/cjs/loader.js:863:32)
    at Function.Module._load (internal/modules/cjs/loader.js:708:14)
    at /usr/local/lib/node_modules/pm2/lib/ProcessContainer.js:303:25
    at wrapper (/usr/local/lib/node_modules/pm2/node_modules/async/internal/once.js:12:16)
Error: Cannot find module 'express'
Require stack:
- /var/www/file-server/src/index.js
    at Function.Module._resolveFilename (internal/modules/cjs/loader.js:815:15)
    at Module.Hook._require.Module.require (/usr/local/lib/node_modules/pm2/node_modules/require-in-the-middle/index.js:61:29)
    at require (internal/modules/cjs/helpers.js:74:18)
    at Object.<anonymous> (/var/www/file-server/src/index.js:1:17)
    at Module._compile (internal/modules/cjs/loader.js:999:30)
    at Object.Module._extensions..js (internal/modules/cjs/loader.js:1027:10)
    at Module.load (internal/modules/cjs/loader.js:863:32)
    at Function.Module._load (internal/modules/cjs/loader.js:708:14)
    at /usr/local/lib/node_modules/pm2/lib/ProcessContainer.js:303:25
    at wrapper (/usr/local/lib/node_modules/pm2/node_modules/async/internal/once.js:12:16)
Error: Cannot find module 'express'
Require stack:
- /var/www/file-server/src/index.js
    at Function.Module._resolveFilename (internal/modules/cjs/loader.js:815:15)
    at Module.Hook._require.Module.require (/usr/local/lib/node_modules/pm2/node_modules/require-in-the-middle/index.js:61:29)
    at require (internal/modules/cjs/helpers.js:74:18)
    at Object.<anonymous> (/var/www/file-server/src/index.js:1:17)
    at Module._compile (internal/modules/cjs/loader.js:999:30)
    at Object.Module._extensions..js (internal/modules/cjs/loader.js:1027:10)
    at Module.load (internal/modules/cjs/loader.js:863:32)
    at Function.Module._load (internal/modules/cjs/loader.js:708:14)
    at /usr/local/lib/node_modules/pm2/lib/ProcessContainer.js:303:25
    at wrapper (/usr/local/lib/node_modules/pm2/node_modules/async/internal/once.js:12:16)
Error: Cannot find module 'express'
Require stack:
- /var/www/file-server/src/index.js
    at Function.Module._resolveFilename (internal/modules/cjs/loader.js:815:15)
    at Module.Hook._require.Module.require (/usr/local/lib/node_modules/pm2/node_modules/require-in-the-middle/index.js:61:29)
    at require (internal/modules/cjs/helpers.js:74:18)
    at Object.<anonymous> (/var/www/file-server/src/index.js:1:17)
    at Module._compile (internal/modules/cjs/loader.js:999:30)
    at Object.Module._extensions..js (internal/modules/cjs/loader.js:1027:10)
    at Module.load (internal/modules/cjs/loader.js:863:32)
    at Function.Module._load (internal/modules/cjs/loader.js:708:14)
    at /usr/local/lib/node_modules/pm2/lib/ProcessContainer.js:303:25
    at wrapper (/usr/local/lib/node_modules/pm2/node_modules/async/internal/once.js:12:16)
Error: Cannot find module 'express'
Require stack:
- /var/www/file-server/src/index.js
    at Function.Module._resolveFilename (internal/modules/cjs/loader.js:815:15)
    at Module.Hook._require.Module.require (/usr/local/lib/node_modules/pm2/node_modules/require-in-the-middle/index.js:61:29)
    at require (internal/modules/cjs/helpers.js:74:18)
    at Object.<anonymous> (/var/www/file-server/src/index.js:1:17)
    at Module._compile (internal/modules/cjs/loader.js:999:30)
    at Object.Module._extensions..js (internal/modules/cjs/loader.js:1027:10)
    at Module.load (internal/modules/cjs/loader.js:863:32)
    at Function.Module._load (internal/modules/cjs/loader.js:708:14)
    at /usr/local/lib/node_modules/pm2/lib/ProcessContainer.js:303:25
    at wrapper (/usr/local/lib/node_modules/pm2/node_modules/async/internal/once.js:12:16)
Error: Cannot find module 'express'
Require stack:
- /var/www/file-server/src/index.js
    at Function.Module._resolveFilename (internal/modules/cjs/loader.js:815:15)
    at Module.Hook._require.Module.require (/usr/local/lib/node_modules/pm2/node_modules/require-in-the-middle/index.js:61:29)
    at require (internal/modules/cjs/helpers.js:74:18)
    at Object.<anonymous> (/var/www/file-server/src/index.js:1:17)
    at Module._compile (internal/modules/cjs/loader.js:999:30)
    at Object.Module._extensions..js (internal/modules/cjs/loader.js:1027:10)
    at Module.load (internal/modules/cjs/loader.js:863:32)
    at Function.Module._load (internal/modules/cjs/loader.js:708:14)
    at /usr/local/lib/node_modules/pm2/lib/ProcessContainer.js:303:25
    at wrapper (/usr/local/lib/node_modules/pm2/node_modules/async/internal/once.js:12:16)
Error: Cannot find module 'express'
Require stack:
- /var/www/file-server/src/index.js
    at Function.Module._resolveFilename (internal/modules/cjs/loader.js:815:15)
    at Module.Hook._require.Module.require (/usr/local/lib/node_modules/pm2/node_modules/require-in-the-middle/index.js:61:29)
    at require (internal/modules/cjs/helpers.js:74:18)
    at Object.<anonymous> (/var/www/file-server/src/index.js:1:17)
    at Module._compile (internal/modules/cjs/loader.js:999:30)
    at Object.Module._extensions..js (internal/modules/cjs/loader.js:1027:10)
    at Module.load (internal/modules/cjs/loader.js:863:32)
    at Function.Module._load (internal/modules/cjs/loader.js:708:14)
    at /usr/local/lib/node_modules/pm2/lib/ProcessContainer.js:303:25
    at wrapper (/usr/local/lib/node_modules/pm2/node_modules/async/internal/once.js:12:16)
Error: Cannot find module 'express'
Require stack:
- /var/www/file-server/src/index.js
    at Function.Module._resolveFilename (internal/modules/cjs/loader.js:815:15)
    at Module.Hook._require.Module.require (/usr/local/lib/node_modules/pm2/node_modules/require-in-the-middle/index.js:61:29)
    at require (internal/modules/cjs/helpers.js:74:18)
    at Object.<anonymous> (/var/www/file-server/src/index.js:1:17)
    at Module._compile (internal/modules/cjs/loader.js:999:30)
    at Object.Module._extensions..js (internal/modules/cjs/loader.js:1027:10)
    at Module.load (internal/modules/cjs/loader.js:863:32)
    at Function.Module._load (internal/modules/cjs/loader.js:708:14)
    at /usr/local/lib/node_modules/pm2/lib/ProcessContainer.js:303:25
    at wrapper (/usr/local/lib/node_modules/pm2/node_modules/async/internal/once.js:12:16)
Error: Cannot find module 'express'
Require stack:
- /var/www/file-server/src/index.js
    at Function.Module._resolveFilename (internal/modules/cjs/loader.js:815:15)
    at Module.Hook._require.Module.require (/usr/local/lib/node_modules/pm2/node_modules/require-in-the-middle/index.js:61:29)
    at require (internal/modules/cjs/helpers.js:74:18)
    at Object.<anonymous> (/var/www/file-server/src/index.js:1:17)
    at Module._compile (internal/modules/cjs/loader.js:999:30)
    at Object.Module._extensions..js (internal/modules/cjs/loader.js:1027:10)
    at Module.load (internal/modules/cjs/loader.js:863:32)
    at Function.Module._load (internal/modules/cjs/loader.js:708:14)
    at /usr/local/lib/node_modules/pm2/lib/ProcessContainer.js:303:25
    at wrapper (/usr/local/lib/node_modules/pm2/node_modules/async/internal/once.js:12:16)
Error: Cannot find module 'express'
Require stack:
- /var/www/file-server/src/index.js
    at Function.Module._resolveFilename (internal/modules/cjs/loader.js:815:15)
    at Module.Hook._require.Module.require (/usr/local/lib/node_modules/pm2/node_modules/require-in-the-middle/index.js:61:29)
    at require (internal/modules/cjs/helpers.js:74:18)
    at Object.<anonymous> (/var/www/file-server/src/index.js:1:17)
    at Module._compile (internal/modules/cjs/loader.js:999:30)
    at Object.Module._extensions..js (internal/modules/cjs/loader.js:1027:10)
    at Module.load (internal/modules/cjs/loader.js:863:32)
    at Function.Module._load (internal/modules/cjs/loader.js:708:14)
    at /usr/local/lib/node_modules/pm2/lib/ProcessContainer.js:303:25
    at wrapper (/usr/local/lib/node_modules/pm2/node_modules/async/internal/once.js:12:16)
Error: Cannot find module 'express'
Require stack:
- /var/www/file-server/src/index.js
    at Function.Module._resolveFilename (internal/modules/cjs/loader.js:815:15)
    at Module.Hook._require.Module.require (/usr/local/lib/node_modules/pm2/node_modules/require-in-the-middle/index.js:61:29)
    at require (internal/modules/cjs/helpers.js:74:18)
    at Object.<anonymous> (/var/www/file-server/src/index.js:1:17)
    at Module._compile (internal/modules/cjs/loader.js:999:30)
    at Object.Module._extensions..js (internal/modules/cjs/loader.js:1027:10)
    at Module.load (internal/modules/cjs/loader.js:863:32)
    at Function.Module._load (internal/modules/cjs/loader.js:708:14)
    at /usr/local/lib/node_modules/pm2/lib/ProcessContainer.js:303:25
    at wrapper (/usr/local/lib/node_modules/pm2/node_modules/async/internal/once.js:12:16)
Error: Cannot find module 'express'
Require stack:
- /var/www/file-server/src/index.js
    at Function.Module._resolveFilename (internal/modules/cjs/loader.js:815:15)
    at Module.Hook._require.Module.require (/usr/local/lib/node_modules/pm2/node_modules/require-in-the-middle/index.js:61:29)
    at require (internal/modules/cjs/helpers.js:74:18)
    at Object.<anonymous> (/var/www/file-server/src/index.js:1:17)
    at Module._compile (internal/modules/cjs/loader.js:999:30)
    at Object.Module._extensions..js (internal/modules/cjs/loader.js:1027:10)
    at Module.load (internal/modules/cjs/loader.js:863:32)
    at Function.Module._load (internal/modules/cjs/loader.js:708:14)
    at /usr/local/lib/node_modules/pm2/lib/ProcessContainer.js:303:25
    at wrapper (/usr/local/lib/node_modules/pm2/node_modules/async/internal/once.js:12:16)
Error: Cannot find module 'express'
Require stack:
- /var/www/file-server/src/index.js
    at Function.Module._resolveFilename (internal/modules/cjs/loader.js:815:15)
    at Module.Hook._require.Module.require (/usr/local/lib/node_modules/pm2/node_modules/require-in-the-middle/index.js:61:29)
    at require (internal/modules/cjs/helpers.js:74:18)
    at Object.<anonymous> (/var/www/file-server/src/index.js:1:17)
    at Module._compile (internal/modules/cjs/loader.js:999:30)
    at Object.Module._extensions..js (internal/modules/cjs/loader.js:1027:10)
    at Module.load (internal/modules/cjs/loader.js:863:32)
    at Function.Module._load (internal/modules/cjs/loader.js:708:14)
    at /usr/local/lib/node_modules/pm2/lib/ProcessContainer.js:303:25
    at wrapper (/usr/local/lib/node_modules/pm2/node_modules/async/internal/once.js:12:16)
Error: Cannot find module 'express'
Require stack:
- /var/www/file-server/src/index.js
    at Function.Module._resolveFilename (internal/modules/cjs/loader.js:815:15)
    at Module.Hook._require.Module.require (/usr/local/lib/node_modules/pm2/node_modules/require-in-the-middle/index.js:61:29)
    at require (internal/modules/cjs/helpers.js:74:18)
    at Object.<anonymous> (/var/www/file-server/src/index.js:1:17)
    at Module._compile (internal/modules/cjs/loader.js:999:30)
    at Object.Module._extensions..js (internal/modules/cjs/loader.js:1027:10)
    at Module.load (internal/modules/cjs/loader.js:863:32)
    at Function.Module._load (internal/modules/cjs/loader.js:708:14)
    at /usr/local/lib/node_modules/pm2/lib/ProcessContainer.js:303:25
    at wrapper (/usr/local/lib/node_modules/pm2/node_modules/async/internal/once.js:12:16)
Error: Cannot find module 'express'
Require stack:
- /var/www/file-server/src/index.js
    at Function.Module._resolveFilename (internal/modules/cjs/loader.js:815:15)
    at Module.Hook._require.Module.require (/usr/local/lib/node_modules/pm2/node_modules/require-in-the-middle/index.js:61:29)
    at require (internal/modules/cjs/helpers.js:74:18)
    at Object.<anonymous> (/var/www/file-server/src/index.js:1:17)
    at Module._compile (internal/modules/cjs/loader.js:999:30)
    at Object.Module._extensions..js (internal/modules/cjs/loader.js:1027:10)
    at Module.load (internal/modules/cjs/loader.js:863:32)
    at Function.Module._load (internal/modules/cjs/loader.js:708:14)
    at /usr/local/lib/node_modules/pm2/lib/ProcessContainer.js:303:25
    at wrapper (/usr/local/lib/node_modules/pm2/node_modules/async/internal/once.js:12:16)
Error: Cannot find module 'express'
Require stack:
- /var/www/file-server/src/index.js
    at Function.Module._resolveFilename (internal/modules/cjs/loader.js:815:15)
    at Module.Hook._require.Module.require (/usr/local/lib/node_modules/pm2/node_modules/require-in-the-middle/index.js:61:29)
    at require (internal/modules/cjs/helpers.js:74:18)
    at Object.<anonymous> (/var/www/file-server/src/index.js:1:17)
    at Module._compile (internal/modules/cjs/loader.js:999:30)
    at Object.Module._extensions..js (internal/modules/cjs/loader.js:1027:10)
    at Module.load (internal/modules/cjs/loader.js:863:32)
    at Function.Module._load (internal/modules/cjs/loader.js:708:14)
    at /usr/local/lib/node_modules/pm2/lib/ProcessContainer.js:303:25
    at wrapper (/usr/local/lib/node_modules/pm2/node_modules/async/internal/once.js:12:16)
Error: Cannot find module 'express'
Require stack:
- /var/www/file-server/src/index.js
    at Function.Module._resolveFilename (internal/modules/cjs/loader.js:815:15)
    at Module.Hook._require.Module.require (/usr/local/lib/node_modules/pm2/node_modules/require-in-the-middle/index.js:61:29)
    at require (internal/modules/cjs/helpers.js:74:18)
    at Object.<anonymous> (/var/www/file-server/src/index.js:1:17)
    at Module._compile (internal/modules/cjs/loader.js:999:30)
    at Object.Module._extensions..js (internal/modules/cjs/loader.js:1027:10)
    at Module.load (internal/modules/cjs/loader.js:863:32)
    at Function.Module._load (internal/modules/cjs/loader.js:708:14)
    at /usr/local/lib/node_modules/pm2/lib/ProcessContainer.js:303:25
    at wrapper (/usr/local/lib/node_modules/pm2/node_modules/async/internal/once.js:12:16)
Error: Cannot find module 'express'
Require stack:
- /var/www/file-server/src/index.js
    at Function.Module._resolveFilename (internal/modules/cjs/loader.js:815:15)
    at Module.Hook._require.Module.require (/usr/local/lib/node_modules/pm2/node_modules/require-in-the-middle/index.js:61:29)
    at require (internal/modules/cjs/helpers.js:74:18)
    at Object.<anonymous> (/var/www/file-server/src/index.js:1:17)
    at Module._compile (internal/modules/cjs/loader.js:999:30)
    at Object.Module._extensions..js (internal/modules/cjs/loader.js:1027:10)
    at Module.load (internal/modules/cjs/loader.js:863:32)
    at Function.Module._load (internal/modules/cjs/loader.js:708:14)
    at /usr/local/lib/node_modules/pm2/lib/ProcessContainer.js:303:25
    at wrapper (/usr/local/lib/node_modules/pm2/node_modules/async/internal/once.js:12:16)
Error: Cannot find module 'express'
Require stack:
- /var/www/file-server/src/index.js
    at Function.Module._resolveFilename (internal/modules/cjs/loader.js:815:15)
    at Module.Hook._require.Module.require (/usr/local/lib/node_modules/pm2/node_modules/require-in-the-middle/index.js:61:29)
    at require (internal/modules/cjs/helpers.js:74:18)
    at Object.<anonymous> (/var/www/file-server/src/index.js:1:17)
    at Module._compile (internal/modules/cjs/loader.js:999:30)
    at Object.Module._extensions..js (internal/modules/cjs/loader.js:1027:10)
    at Module.load (internal/modules/cjs/loader.js:863:32)
    at Function.Module._load (internal/modules/cjs/loader.js:708:14)
    at /usr/local/lib/node_modules/pm2/lib/ProcessContainer.js:303:25
    at wrapper (/usr/local/lib/node_modules/pm2/node_modules/async/internal/once.js:12:16)
Error: Cannot find module 'express'
Require stack:
- /var/www/file-server/src/index.js
    at Function.Module._resolveFilename (internal/modules/cjs/loader.js:815:15)
    at Module.Hook._require.Module.require (/usr/local/lib/node_modules/pm2/node_modules/require-in-the-middle/index.js:61:29)
    at require (internal/modules/cjs/helpers.js:74:18)
    at Object.<anonymous> (/var/www/file-server/src/index.js:1:17)
    at Module._compile (internal/modules/cjs/loader.js:999:30)
    at Object.Module._extensions..js (internal/modules/cjs/loader.js:1027:10)
    at Module.load (internal/modules/cjs/loader.js:863:32)
    at Function.Module._load (internal/modules/cjs/loader.js:708:14)
    at /usr/local/lib/node_modules/pm2/lib/ProcessContainer.js:303:25
    at wrapper (/usr/local/lib/node_modules/pm2/node_modules/async/internal/once.js:12:16)
Error: Cannot find module 'express'
Require stack:
- /var/www/file-server/src/index.js
    at Function.Module._resolveFilename (internal/modules/cjs/loader.js:815:15)
    at Module.Hook._require.Module.require (/usr/local/lib/node_modules/pm2/node_modules/require-in-the-middle/index.js:61:29)
    at require (internal/modules/cjs/helpers.js:74:18)
    at Object.<anonymous> (/var/www/file-server/src/index.js:1:17)
    at Module._compile (internal/modules/cjs/loader.js:999:30)
    at Object.Module._extensions..js (internal/modules/cjs/loader.js:1027:10)
    at Module.load (internal/modules/cjs/loader.js:863:32)
    at Function.Module._load (internal/modules/cjs/loader.js:708:14)
    at /usr/local/lib/node_modules/pm2/lib/ProcessContainer.js:303:25
    at wrapper (/usr/local/lib/node_modules/pm2/node_modules/async/internal/once.js:12:16)
Error: Cannot find module 'express'
Require stack:
- /var/www/file-server/src/index.js
    at Function.Module._resolveFilename (internal/modules/cjs/loader.js:815:15)
    at Module.Hook._require.Module.require (/usr/local/lib/node_modules/pm2/node_modules/require-in-the-middle/index.js:61:29)
    at require (internal/modules/cjs/helpers.js:74:18)
    at Object.<anonymous> (/var/www/file-server/src/index.js:1:17)
    at Module._compile (internal/modules/cjs/loader.js:999:30)
    at Object.Module._extensions..js (internal/modules/cjs/loader.js:1027:10)
    at Module.load (internal/modules/cjs/loader.js:863:32)
    at Function.Module._load (internal/modules/cjs/loader.js:708:14)
    at /usr/local/lib/node_modules/pm2/lib/ProcessContainer.js:303:25
    at wrapper (/usr/local/lib/node_modules/pm2/node_modules/async/internal/once.js:12:16)
Error: Cannot find module 'express'
Require stack:
- /var/www/file-server/src/index.js
    at Function.Module._resolveFilename (internal/modules/cjs/loader.js:815:15)
    at Module.Hook._require.Module.require (/usr/local/lib/node_modules/pm2/node_modules/require-in-the-middle/index.js:61:29)
    at require (internal/modules/cjs/helpers.js:74:18)
    at Object.<anonymous> (/var/www/file-server/src/index.js:1:17)
    at Module._compile (internal/modules/cjs/loader.js:999:30)
    at Object.Module._extensions..js (internal/modules/cjs/loader.js:1027:10)
    at Module.load (internal/modules/cjs/loader.js:863:32)
    at Function.Module._load (internal/modules/cjs/loader.js:708:14)
    at /usr/local/lib/node_modules/pm2/lib/ProcessContainer.js:303:25
    at wrapper (/usr/local/lib/node_modules/pm2/node_modules/async/internal/once.js:12:16)
Error: Cannot find module 'express'
Require stack:
- /var/www/file-server/src/index.js
    at Function.Module._resolveFilename (internal/modules/cjs/loader.js:815:15)
    at Module.Hook._require.Module.require (/usr/local/lib/node_modules/pm2/node_modules/require-in-the-middle/index.js:61:29)
    at require (internal/modules/cjs/helpers.js:74:18)
    at Object.<anonymous> (/var/www/file-server/src/index.js:1:17)
    at Module._compile (internal/modules/cjs/loader.js:999:30)
    at Object.Module._extensions..js (internal/modules/cjs/loader.js:1027:10)
    at Module.load (internal/modules/cjs/loader.js:863:32)
    at Function.Module._load (internal/modules/cjs/loader.js:708:14)
    at /usr/local/lib/node_modules/pm2/lib/ProcessContainer.js:303:25
    at wrapper (/usr/local/lib/node_modules/pm2/node_modules/async/internal/once.js:12:16)
Error: Cannot find module 'express'
Require stack:
- /var/www/file-server/src/index.js
    at Function.Module._resolveFilename (internal/modules/cjs/loader.js:815:15)
    at Module.Hook._require.Module.require (/usr/local/lib/node_modules/pm2/node_modules/require-in-the-middle/index.js:61:29)
    at require (internal/modules/cjs/helpers.js:74:18)
    at Object.<anonymous> (/var/www/file-server/src/index.js:1:17)
    at Module._compile (internal/modules/cjs/loader.js:999:30)
    at Object.Module._extensions..js (internal/modules/cjs/loader.js:1027:10)
    at Module.load (internal/modules/cjs/loader.js:863:32)
    at Function.Module._load (internal/modules/cjs/loader.js:708:14)
    at /usr/local/lib/node_modules/pm2/lib/ProcessContainer.js:303:25
    at wrapper (/usr/local/lib/node_modules/pm2/node_modules/async/internal/once.js:12:16)
Error: Cannot find module 'express'
Require stack:
- /var/www/file-server/src/index.js
    at Function.Module._resolveFilename (internal/modules/cjs/loader.js:815:15)
    at Module.Hook._require.Module.require (/usr/local/lib/node_modules/pm2/node_modules/require-in-the-middle/index.js:61:29)
    at require (internal/modules/cjs/helpers.js:74:18)
    at Object.<anonymous> (/var/www/file-server/src/index.js:1:17)
    at Module._compile (internal/modules/cjs/loader.js:999:30)
    at Object.Module._extensions..js (internal/modules/cjs/loader.js:1027:10)
    at Module.load (internal/modules/cjs/loader.js:863:32)
    at Function.Module._load (internal/modules/cjs/loader.js:708:14)
    at /usr/local/lib/node_modules/pm2/lib/ProcessContainer.js:303:25
    at wrapper (/usr/local/lib/node_modules/pm2/node_modules/async/internal/once.js:12:16)
Error: Cannot find module 'express'
Require stack:
- /var/www/file-server/src/index.js
    at Function.Module._resolveFilename (internal/modules/cjs/loader.js:815:15)
    at Module.Hook._require.Module.require (/usr/local/lib/node_modules/pm2/node_modules/require-in-the-middle/index.js:61:29)
    at require (internal/modules/cjs/helpers.js:74:18)
    at Object.<anonymous> (/var/www/file-server/src/index.js:1:17)
    at Module._compile (internal/modules/cjs/loader.js:999:30)
    at Object.Module._extensions..js (internal/modules/cjs/loader.js:1027:10)
    at Module.load (internal/modules/cjs/loader.js:863:32)
    at Function.Module._load (internal/modules/cjs/loader.js:708:14)
    at /usr/local/lib/node_modules/pm2/lib/ProcessContainer.js:303:25
    at wrapper (/usr/local/lib/node_modules/pm2/node_modules/async/internal/once.js:12:16)
Error: Cannot find module 'express'
Require stack:
- /var/www/file-server/src/index.js
    at Function.Module._resolveFilename (internal/modules/cjs/loader.js:815:15)
    at Module.Hook._require.Module.require (/usr/local/lib/node_modules/pm2/node_modules/require-in-the-middle/index.js:61:29)
    at require (internal/modules/cjs/helpers.js:74:18)
    at Object.<anonymous> (/var/www/file-server/src/index.js:1:17)
    at Module._compile (internal/modules/cjs/loader.js:999:30)
    at Object.Module._extensions..js (internal/modules/cjs/loader.js:1027:10)
    at Module.load (internal/modules/cjs/loader.js:863:32)
    at Function.Module._load (internal/modules/cjs/loader.js:708:14)
    at /usr/local/lib/node_modules/pm2/lib/ProcessContainer.js:303:25
    at wrapper (/usr/local/lib/node_modules/pm2/node_modules/async/internal/once.js:12:16)
Error: Cannot find module 'express'
Require stack:
- /var/www/file-server/src/index.js
    at Function.Module._resolveFilename (internal/modules/cjs/loader.js:815:15)
    at Module.Hook._require.Module.require (/usr/local/lib/node_modules/pm2/node_modules/require-in-the-middle/index.js:61:29)
    at require (internal/modules/cjs/helpers.js:74:18)
    at Object.<anonymous> (/var/www/file-server/src/index.js:1:17)
    at Module._compile (internal/modules/cjs/loader.js:999:30)
    at Object.Module._extensions..js (internal/modules/cjs/loader.js:1027:10)
    at Module.load (internal/modules/cjs/loader.js:863:32)
    at Function.Module._load (internal/modules/cjs/loader.js:708:14)
    at /usr/local/lib/node_modules/pm2/lib/ProcessContainer.js:303:25
    at wrapper (/usr/local/lib/node_modules/pm2/node_modules/async/internal/once.js:12:16)
Error: Cannot find module 'express'
Require stack:
- /var/www/file-server/src/index.js
    at Function.Module._resolveFilename (internal/modules/cjs/loader.js:815:15)
    at Module.Hook._require.Module.require (/usr/local/lib/node_modules/pm2/node_modules/require-in-the-middle/index.js:61:29)
    at require (internal/modules/cjs/helpers.js:74:18)
    at Object.<anonymous> (/var/www/file-server/src/index.js:1:17)
    at Module._compile (internal/modules/cjs/loader.js:999:30)
    at Object.Module._extensions..js (internal/modules/cjs/loader.js:1027:10)
    at Module.load (internal/modules/cjs/loader.js:863:32)
    at Function.Module._load (internal/modules/cjs/loader.js:708:14)
    at /usr/local/lib/node_modules/pm2/lib/ProcessContainer.js:303:25
    at wrapper (/usr/local/lib/node_modules/pm2/node_modules/async/internal/once.js:12:16)
Error: Cannot find module 'express'
Require stack:
- /var/www/file-server/src/index.js
    at Function.Module._resolveFilename (internal/modules/cjs/loader.js:815:15)
    at Module.Hook._require.Module.require (/usr/local/lib/node_modules/pm2/node_modules/require-in-the-middle/index.js:61:29)
    at require (internal/modules/cjs/helpers.js:74:18)
    at Object.<anonymous> (/var/www/file-server/src/index.js:1:17)
    at Module._compile (internal/modules/cjs/loader.js:999:30)
    at Object.Module._extensions..js (internal/modules/cjs/loader.js:1027:10)
    at Module.load (internal/modules/cjs/loader.js:863:32)
    at Function.Module._load (internal/modules/cjs/loader.js:708:14)
    at /usr/local/lib/node_modules/pm2/lib/ProcessContainer.js:303:25
    at wrapper (/usr/local/lib/node_modules/pm2/node_modules/async/internal/once.js:12:16)
