2021-05-12T00:11:16: 
Upload server running on http://localhost:4444
2021-05-12T06:26:03: 
Upload server running on http://localhost:4444
2021-05-12T06:26:39: 
Upload server running on http://localhost:4444
2021-05-12T07:28:11: 
Upload server running on http://localhost:3011
2021-05-17T04:06:36: ============== Upload ==================
2021-05-17T04:06:36: Parsed
2021-05-17T04:06:36: Authenticated
2021-05-17T04:19:40: ============== Upload ==================
2021-05-17T04:19:40: Parsed
2021-05-17T04:19:40: Authenticated
2021-05-17T04:22:45: ============== Upload ==================
2021-05-17T04:22:45: Parsed
2021-05-17T04:22:45: Authenticated
2021-05-17T04:23:58: ============== Upload ==================
2021-05-17T04:23:59: Parsed
2021-05-17T04:23:59: Authenticated
2021-05-17T04:37:01: ============== Upload ==================
2021-05-17T04:37:01: Parsed
2021-05-17T04:37:01: Authenticated
2021-05-17T05:53:18: ============== Upload ==================
2021-05-17T05:53:18: Parsed
2021-05-17T05:53:18: Authenticated
2021-05-17T05:59:48: ============== Upload ==================
2021-05-17T05:59:48: Parsed
2021-05-17T05:59:48: Authenticated
2021-05-17T05:59:55: ============== Upload ==================
2021-05-17T05:59:55: Parsed
2021-05-17T05:59:55: Authenticated
2021-05-17T06:00:10: ============== Upload ==================
2021-05-17T06:00:10: Parsed
2021-05-17T06:00:10: Authenticated
2021-05-17T06:00:19: ============== Upload ==================
2021-05-17T06:00:19: Parsed
2021-05-17T06:00:19: Authenticated
2021-05-17T06:00:26: ============== Upload ==================
2021-05-17T06:00:26: Parsed
2021-05-17T06:00:26: Authenticated
2021-05-17T06:00:34: ============== Upload ==================
2021-05-17T06:00:34: Parsed
2021-05-17T06:00:34: Authenticated
2021-05-17T06:00:42: ============== Upload ==================
2021-05-17T06:00:42: Parsed
2021-05-17T06:00:42: Authenticated
2021-05-17T07:06:53: ============== Upload ==================
2021-05-17T07:06:53: Parsed
2021-05-17T07:06:53: Authenticated
2021-05-17T07:23:27: ============== Upload ==================
2021-05-17T07:23:27: Parsed
2021-05-17T07:23:27: Authenticated
2021-05-17T07:23:47: ============== Upload ==================
2021-05-17T07:23:47: Parsed
2021-05-17T07:23:47: Authenticated
2021-05-17T07:23:57: ============== Upload ==================
2021-05-17T07:23:57: Parsed
2021-05-17T07:23:57: Authenticated
2021-05-17T07:24:07: ============== Upload ==================
2021-05-17T07:24:07: Parsed
2021-05-17T07:24:07: Authenticated
2021-05-17T07:24:15: ============== Upload ==================
2021-05-17T07:24:15: Parsed
2021-05-17T07:24:15: Authenticated
2021-05-17T07:24:21: ============== Upload ==================
2021-05-17T07:24:21: Parsed
2021-05-17T07:24:21: Authenticated
2021-05-17T10:35:52: ============== Upload ==================
2021-05-17T10:36:22: ============== Upload ==================
2021-05-17T10:36:38: ============== Upload ==================
2021-05-17T10:36:47: ============== Upload ==================
2021-05-17T10:36:56: Parsed
2021-05-17T10:36:56: Authenticated
2021-05-17T10:36:57: ============== Upload ==================
2021-05-17T10:37:01: Parsed
2021-05-17T10:37:01: Authenticated
2021-05-17T10:37:12: ============== Upload ==================
2021-05-17T10:37:52: Parsed
2021-05-17T10:37:52: Authenticated
2021-05-17T10:37:53: Parsed
2021-05-17T10:37:53: Authenticated
2021-05-17T10:37:55: Parsed
2021-05-17T10:37:55: Authenticated
2021-05-17T10:38:13: Parsed
2021-05-17T10:38:13: Authenticated
2021-05-17T10:42:42: ============== Upload ==================
2021-05-17T10:42:42: Parsed
2021-05-17T10:42:42: Authenticated
2021-05-17T10:42:47: ============== Upload ==================
2021-05-17T10:42:47: Parsed
2021-05-17T10:42:47: Authenticated
2021-05-17T10:42:51: ============== Upload ==================
2021-05-17T10:42:51: Parsed
2021-05-17T10:42:51: Authenticated
2021-05-17T10:42:58: ============== Upload ==================
2021-05-17T10:42:58: Parsed
2021-05-17T10:42:58: Authenticated
2021-05-17T10:43:05: ============== Upload ==================
2021-05-17T10:43:05: Parsed
2021-05-17T10:43:05: Authenticated
2021-05-17T10:43:10: ============== Upload ==================
2021-05-17T10:43:10: Parsed
2021-05-17T10:43:10: Authenticated
2021-05-17T11:11:47: ============== Upload ==================
2021-05-17T11:11:47: Parsed
2021-05-17T11:11:47: Authenticated
2021-05-17T11:14:33: ============== Upload ==================
2021-05-17T11:14:33: Parsed
2021-05-17T11:14:33: Authenticated
2021-05-17T11:14:38: ============== Upload ==================
2021-05-17T11:14:38: Parsed
2021-05-17T11:14:38: Authenticated
2021-05-17T11:14:45: ============== Upload ==================
2021-05-17T11:14:45: Parsed
2021-05-17T11:14:45: Authenticated
2021-05-17T11:14:53: ============== Upload ==================
2021-05-17T11:14:53: Parsed
2021-05-17T11:14:53: Authenticated
2021-05-17T11:15:03: ============== Upload ==================
2021-05-17T11:15:03: Parsed
2021-05-17T11:15:03: Authenticated
2021-05-17T11:15:09: ============== Upload ==================
2021-05-17T11:15:09: Parsed
2021-05-17T11:15:09: Authenticated
2021-05-18T08:31:21: ============== Upload ==================
2021-05-18T08:31:33: Parsed
2021-05-18T08:31:33: Authenticated
2021-05-18T08:35:55: ============== Upload ==================
2021-05-18T08:36:03: Parsed
2021-05-18T08:36:03: Authenticated
2021-05-18T08:36:29: ============== Upload ==================
2021-05-18T08:36:34: Parsed
2021-05-18T08:36:34: Authenticated
2021-05-18T08:40:45: ============== Upload ==================
2021-05-18T08:41:05: ============== Upload ==================
2021-05-18T08:41:14: ============== Upload ==================
2021-05-18T08:41:17: Parsed
2021-05-18T08:41:17: Authenticated
2021-05-18T08:41:25: ============== Upload ==================
2021-05-18T08:41:45: ============== Upload ==================
2021-05-18T08:41:56: ============== Upload ==================
2021-05-18T08:42:09: ============== Upload ==================
2021-05-18T08:42:21: Parsed
2021-05-18T08:42:21: Authenticated
2021-05-18T08:42:25: Parsed
2021-05-18T08:42:25: Authenticated
2021-05-18T08:42:29: Parsed
2021-05-18T08:42:29: Authenticated
2021-05-18T08:42:29: Parsed
2021-05-18T08:42:29: Authenticated
2021-05-18T08:42:29: Parsed
2021-05-18T08:42:29: Authenticated
2021-05-18T08:42:33: Parsed
2021-05-18T08:42:33: Authenticated
2021-05-18T09:04:14: ============== Upload ==================
2021-05-18T09:04:25: ============== Upload ==================
2021-05-18T09:04:38: ============== Upload ==================
2021-05-18T09:04:44: Parsed
2021-05-18T09:04:44: Authenticated
2021-05-18T09:04:48: ============== Upload ==================
2021-05-18T09:05:05: ============== Upload ==================
2021-05-18T09:05:15: ============== Upload ==================
2021-05-18T09:07:02: Parsed
2021-05-18T09:07:02: Authenticated
2021-05-18T09:07:02: Parsed
2021-05-18T09:07:02: Authenticated
2021-05-18T09:07:52: Parsed
2021-05-18T09:07:52: Authenticated
2021-05-18T09:07:53: Parsed
2021-05-18T09:07:53: Authenticated
2021-05-18T09:08:01: Parsed
2021-05-18T09:08:01: Authenticated
2021-05-18T09:10:21: ============== Upload ==================
2021-05-18T09:10:26: ============== Upload ==================
2021-05-18T09:10:40: ============== Upload ==================
2021-05-18T09:10:40: ============== Upload ==================
2021-05-18T09:11:31: Parsed
2021-05-18T09:11:31: Authenticated
2021-05-18T09:11:48: Parsed
2021-05-18T09:11:48: Authenticated
2021-05-18T09:11:51: Parsed
2021-05-18T09:11:51: Authenticated
2021-05-18T09:11:54: Parsed
2021-05-18T09:11:54: Authenticated
2021-05-18T09:12:20: ============== Upload ==================
2021-05-18T09:13:02: Parsed
2021-05-18T09:13:02: Authenticated
2021-05-18T09:20:59: ============== Upload ==================
2021-05-18T09:21:00: Parsed
2021-05-18T09:21:00: Authenticated
2021-05-18T09:21:07: ============== Upload ==================
2021-05-18T09:21:07: Parsed
2021-05-18T09:21:07: Authenticated
2021-05-18T09:21:14: ============== Upload ==================
2021-05-18T09:21:14: Parsed
2021-05-18T09:21:14: Authenticated
2021-05-18T09:21:21: ============== Upload ==================
2021-05-18T09:21:22: Parsed
2021-05-18T09:21:22: Authenticated
2021-05-18T09:21:24: ============== Upload ==================
2021-05-18T09:21:24: Parsed
2021-05-18T09:21:24: Authenticated
2021-05-18T09:21:28: ============== Upload ==================
2021-05-18T09:21:28: Parsed
2021-05-18T09:21:28: Authenticated
2021-05-18T09:21:35: ============== Upload ==================
2021-05-18T09:21:36: Parsed
2021-05-18T09:21:36: Authenticated
2021-05-18T09:25:40: ============== Upload ==================
2021-05-18T09:25:40: Parsed
2021-05-18T09:25:40: Authenticated
2021-05-18T09:25:51: ============== Upload ==================
2021-05-18T09:25:51: Parsed
2021-05-18T09:25:51: Authenticated
2021-05-18T09:26:02: ============== Upload ==================
2021-05-18T09:26:02: Parsed
2021-05-18T09:26:02: Authenticated
2021-05-18T09:26:12: ============== Upload ==================
2021-05-18T09:26:12: Parsed
2021-05-18T09:26:12: Authenticated
2021-05-18T09:26:27: ============== Upload ==================
2021-05-18T09:26:27: Parsed
2021-05-18T09:26:27: Authenticated
2021-05-18T09:26:36: ============== Upload ==================
2021-05-18T09:26:36: Parsed
2021-05-18T09:26:36: Authenticated
2021-05-18T09:27:57: ============== Upload ==================
2021-05-18T09:27:57: Parsed
2021-05-18T09:27:57: Authenticated
2021-05-18T09:28:06: ============== Upload ==================
2021-05-18T09:28:06: Parsed
2021-05-18T09:28:06: Authenticated
2021-05-18T09:28:15: ============== Upload ==================
2021-05-18T09:28:15: Parsed
2021-05-18T09:28:15: Authenticated
2021-05-18T09:28:24: ============== Upload ==================
2021-05-18T09:28:24: Parsed
2021-05-18T09:28:24: Authenticated
2021-05-18T09:28:33: ============== Upload ==================
2021-05-18T09:28:33: Parsed
2021-05-18T09:28:33: Authenticated
2021-05-18T09:28:41: ============== Upload ==================
2021-05-18T09:28:41: Parsed
2021-05-18T09:28:41: Authenticated
2021-05-18T09:30:15: ============== Upload ==================
2021-05-18T09:30:15: Parsed
2021-05-18T09:30:15: Authenticated
2021-05-18T09:30:23: ============== Upload ==================
2021-05-18T09:30:23: Parsed
2021-05-18T09:30:23: Authenticated
2021-05-18T09:30:31: ============== Upload ==================
2021-05-18T09:30:31: Parsed
2021-05-18T09:30:31: Authenticated
2021-05-18T09:30:40: ============== Upload ==================
2021-05-18T09:30:40: Parsed
2021-05-18T09:30:40: Authenticated
2021-05-18T09:30:49: ============== Upload ==================
2021-05-18T09:30:49: Parsed
2021-05-18T09:30:49: Authenticated
2021-05-18T09:30:58: ============== Upload ==================
2021-05-18T09:30:58: Parsed
2021-05-18T09:30:58: Authenticated
2021-05-18T09:33:38: ============== Upload ==================
2021-05-18T09:33:38: Parsed
2021-05-18T09:33:38: Authenticated
2021-05-18T09:33:47: ============== Upload ==================
2021-05-18T09:33:47: Parsed
2021-05-18T09:33:47: Authenticated
2021-05-18T09:33:55: ============== Upload ==================
2021-05-18T09:33:55: Parsed
2021-05-18T09:33:55: Authenticated
2021-05-18T09:34:05: ============== Upload ==================
2021-05-18T09:34:05: Parsed
2021-05-18T09:34:05: Authenticated
2021-05-18T09:34:15: ============== Upload ==================
2021-05-18T09:34:15: Parsed
2021-05-18T09:34:15: Authenticated
2021-05-18T09:34:24: ============== Upload ==================
2021-05-18T09:34:24: Parsed
2021-05-18T09:34:24: Authenticated
2021-05-18T09:40:22: ============== Upload ==================
2021-05-18T09:40:22: Parsed
2021-05-18T09:40:22: Authenticated
2021-05-18T09:40:30: ============== Upload ==================
2021-05-18T09:40:30: Parsed
2021-05-18T09:40:30: Authenticated
2021-05-18T09:40:39: ============== Upload ==================
2021-05-18T09:40:39: Parsed
2021-05-18T09:40:39: Authenticated
2021-05-18T09:40:49: ============== Upload ==================
2021-05-18T09:40:49: Parsed
2021-05-18T09:40:49: Authenticated
2021-05-18T09:40:59: ============== Upload ==================
2021-05-18T09:40:59: Parsed
2021-05-18T09:40:59: Authenticated
2021-05-18T09:41:09: ============== Upload ==================
2021-05-18T09:41:09: Parsed
2021-05-18T09:41:09: Authenticated
2021-05-18T09:44:44: ============== Upload ==================
2021-05-18T09:44:44: Parsed
2021-05-18T09:44:44: Authenticated
2021-05-18T09:44:48: ============== Upload ==================
2021-05-18T09:44:48: Parsed
2021-05-18T09:44:48: Authenticated
2021-05-18T09:44:54: ============== Upload ==================
2021-05-18T09:44:54: Parsed
2021-05-18T09:44:54: Authenticated
2021-05-18T09:44:58: ============== Upload ==================
2021-05-18T09:44:59: Parsed
2021-05-18T09:44:59: Authenticated
2021-05-18T09:45:05: ============== Upload ==================
2021-05-18T09:45:05: Parsed
2021-05-18T09:45:05: Authenticated
2021-05-18T09:45:10: ============== Upload ==================
2021-05-18T09:45:10: Parsed
2021-05-18T09:45:10: Authenticated
2021-05-18T10:14:36: ============== Upload ==================
2021-05-18T10:14:36: Parsed
2021-05-18T10:14:36: Authenticated
2021-05-18T10:14:51: ============== Upload ==================
2021-05-18T10:14:51: Parsed
2021-05-18T10:14:51: Authenticated
2021-05-18T10:15:00: ============== Upload ==================
2021-05-18T10:15:00: Parsed
2021-05-18T10:15:00: Authenticated
2021-05-18T10:15:06: ============== Upload ==================
2021-05-18T10:15:07: Parsed
2021-05-18T10:15:07: Authenticated
2021-05-18T10:15:13: ============== Upload ==================
2021-05-18T10:15:13: Parsed
2021-05-18T10:15:13: Authenticated
2021-05-18T10:15:18: ============== Upload ==================
2021-05-18T10:15:18: Parsed
2021-05-18T10:15:18: Authenticated
2021-05-18T11:52:02: ============== Upload ==================
2021-05-18T11:52:02: Parsed
2021-05-18T11:52:02: Authenticated
2021-05-18T11:52:54: ============== Upload ==================
2021-05-18T11:52:55: Parsed
2021-05-18T11:52:55: Authenticated
2021-05-18T11:53:03: ============== Upload ==================
2021-05-18T11:53:03: Parsed
2021-05-18T11:53:03: Authenticated
2021-05-18T11:53:09: ============== Upload ==================
2021-05-18T11:53:09: Parsed
2021-05-18T11:53:09: Authenticated
2021-05-18T11:53:15: ============== Upload ==================
2021-05-18T11:53:15: Parsed
2021-05-18T11:53:15: Authenticated
2021-05-18T11:53:21: ============== Upload ==================
2021-05-18T11:53:21: Parsed
2021-05-18T11:53:21: Authenticated
2021-05-18T11:53:27: ============== Upload ==================
2021-05-18T11:53:27: Parsed
2021-05-18T11:53:27: Authenticated
2021-05-18T11:53:34: ============== Upload ==================
2021-05-18T11:53:34: Parsed
2021-05-18T11:53:34: Authenticated
2021-05-18T11:54:33: ============== Upload ==================
2021-05-18T11:54:34: Parsed
2021-05-18T11:54:34: Authenticated
2021-05-18T11:54:41: ============== Upload ==================
2021-05-18T11:54:41: Parsed
2021-05-18T11:54:41: Authenticated
2021-05-18T11:54:45: ============== Upload ==================
2021-05-18T11:54:45: Parsed
2021-05-18T11:54:45: Authenticated
2021-05-18T11:54:52: ============== Upload ==================
2021-05-18T11:54:52: Parsed
2021-05-18T11:54:52: Authenticated
2021-05-18T11:54:57: ============== Upload ==================
2021-05-18T11:54:57: Parsed
2021-05-18T11:54:57: Authenticated
2021-05-18T11:55:07: ============== Upload ==================
2021-05-18T11:55:07: Parsed
2021-05-18T11:55:07: Authenticated
2021-05-18T11:55:16: ============== Upload ==================
2021-05-18T11:55:16: Parsed
2021-05-18T11:55:16: Authenticated
2021-05-18T11:56:54: ============== Upload ==================
2021-05-18T11:56:54: Parsed
2021-05-18T11:56:54: Authenticated
2021-05-18T11:56:59: ============== Upload ==================
2021-05-18T11:56:59: Parsed
2021-05-18T11:56:59: Authenticated
2021-05-18T11:57:04: ============== Upload ==================
2021-05-18T11:57:04: Parsed
2021-05-18T11:57:04: Authenticated
2021-05-18T11:57:10: ============== Upload ==================
2021-05-18T11:57:10: Parsed
2021-05-18T11:57:10: Authenticated
2021-05-18T11:57:18: ============== Upload ==================
2021-05-18T11:57:18: Parsed
2021-05-18T11:57:18: Authenticated
2021-05-18T11:57:23: ============== Upload ==================
2021-05-18T11:57:23: Parsed
2021-05-18T11:57:23: Authenticated
2021-05-18T11:58:28: ============== Upload ==================
2021-05-18T11:58:28: Parsed
2021-05-18T11:58:28: Authenticated
2021-05-18T11:58:32: ============== Upload ==================
2021-05-18T11:58:32: Parsed
2021-05-18T11:58:32: Authenticated
2021-05-18T11:58:38: ============== Upload ==================
2021-05-18T11:58:38: Parsed
2021-05-18T11:58:38: Authenticated
2021-05-18T11:58:44: ============== Upload ==================
2021-05-18T11:58:44: Parsed
2021-05-18T11:58:44: Authenticated
2021-05-18T11:58:50: ============== Upload ==================
2021-05-18T11:58:50: Parsed
2021-05-18T11:58:50: Authenticated
2021-05-18T11:58:56: ============== Upload ==================
2021-05-18T11:58:56: Parsed
2021-05-18T11:58:56: Authenticated
2021-05-18T12:02:54: ============== Upload ==================
2021-05-18T12:02:54: Parsed
2021-05-18T12:02:54: Authenticated
2021-05-18T12:05:52: ============== Upload ==================
2021-05-18T12:05:52: Parsed
2021-05-18T12:05:52: Authenticated
2021-05-18T12:05:57: ============== Upload ==================
2021-05-18T12:05:57: Parsed
2021-05-18T12:05:57: Authenticated
2021-05-18T12:06:02: ============== Upload ==================
2021-05-18T12:06:02: Parsed
2021-05-18T12:06:02: Authenticated
2021-05-18T12:06:10: ============== Upload ==================
2021-05-18T12:06:10: Parsed
2021-05-18T12:06:10: Authenticated
2021-05-18T12:06:16: ============== Upload ==================
2021-05-18T12:06:16: Parsed
2021-05-18T12:06:16: Authenticated
2021-05-18T12:06:24: ============== Upload ==================
2021-05-18T12:06:24: Parsed
2021-05-18T12:06:24: Authenticated
2021-05-18T12:11:04: ============== Upload ==================
2021-05-18T12:11:04: Parsed
2021-05-18T12:11:04: Authenticated
2021-05-18T12:11:20: ============== Upload ==================
2021-05-18T12:11:20: Parsed
2021-05-18T12:11:20: Authenticated
2021-05-18T12:11:26: ============== Upload ==================
2021-05-18T12:11:26: Parsed
2021-05-18T12:11:26: Authenticated
2021-05-18T12:11:53: ============== Upload ==================
2021-05-18T12:11:53: Parsed
2021-05-18T12:11:53: Authenticated
2021-05-18T12:11:57: ============== Upload ==================
2021-05-18T12:11:57: Parsed
2021-05-18T12:11:57: Authenticated
2021-05-18T12:12:03: ============== Upload ==================
2021-05-18T12:12:03: Parsed
2021-05-18T12:12:03: Authenticated
2021-05-18T12:12:09: ============== Upload ==================
2021-05-18T12:12:09: Parsed
2021-05-18T12:12:09: Authenticated
2021-05-18T12:12:14: ============== Upload ==================
2021-05-18T12:12:14: Parsed
2021-05-18T12:12:14: Authenticated
2021-05-18T12:12:23: ============== Upload ==================
2021-05-18T12:12:23: Parsed
2021-05-18T12:12:23: Authenticated
2021-05-18T12:12:48: ============== Upload ==================
2021-05-18T12:12:48: Parsed
2021-05-18T12:12:48: Authenticated
2021-05-18T12:12:53: ============== Upload ==================
2021-05-18T12:12:54: Parsed
2021-05-18T12:12:54: Authenticated
2021-05-18T12:13:21: ============== Upload ==================
2021-05-18T12:13:21: Parsed
2021-05-18T12:13:21: Authenticated
2021-05-18T12:15:25: ============== Upload ==================
2021-05-18T12:15:26: Parsed
2021-05-18T12:15:26: Authenticated
2021-05-18T12:15:40: ============== Upload ==================
2021-05-18T12:15:40: Parsed
2021-05-18T12:15:40: Authenticated
2021-05-18T12:17:54: ============== Upload ==================
2021-05-18T12:17:54: Parsed
2021-05-18T12:17:54: Authenticated
2021-05-18T12:18:02: ============== Upload ==================
2021-05-18T12:18:02: Parsed
2021-05-18T12:18:02: Authenticated
2021-05-18T12:18:10: ============== Upload ==================
2021-05-18T12:18:13: Parsed
2021-05-18T12:18:13: Authenticated
2021-05-18T12:18:16: ============== Upload ==================
2021-05-18T12:18:16: Parsed
2021-05-18T12:18:16: Authenticated
2021-05-18T12:18:23: ============== Upload ==================
2021-05-18T12:18:24: Parsed
2021-05-18T12:18:24: Authenticated
2021-05-18T12:18:29: ============== Upload ==================
2021-05-18T12:18:30: Parsed
2021-05-18T12:18:30: Authenticated
2021-05-18T12:21:56: ============== Upload ==================
2021-05-18T12:21:56: Parsed
2021-05-18T12:21:56: Authenticated
2021-05-18T12:22:00: ============== Upload ==================
2021-05-18T12:22:00: Parsed
2021-05-18T12:22:00: Authenticated
2021-05-18T12:22:06: ============== Upload ==================
2021-05-18T12:22:06: Parsed
2021-05-18T12:22:06: Authenticated
2021-05-18T12:22:11: ============== Upload ==================
2021-05-18T12:22:11: Parsed
2021-05-18T12:22:11: Authenticated
2021-05-18T12:22:17: ============== Upload ==================
2021-05-18T12:22:17: Parsed
2021-05-18T12:22:17: Authenticated
2021-05-18T12:22:23: ============== Upload ==================
2021-05-18T12:22:23: Parsed
2021-05-18T12:22:23: Authenticated
2021-05-18T12:23:09: ============== Upload ==================
2021-05-18T12:23:09: Parsed
2021-05-18T12:23:09: Authenticated
2021-05-18T12:23:13: ============== Upload ==================
2021-05-18T12:23:13: Parsed
2021-05-18T12:23:13: Authenticated
2021-05-18T12:23:17: ============== Upload ==================
2021-05-18T12:23:17: Parsed
2021-05-18T12:23:17: Authenticated
2021-05-18T12:23:23: ============== Upload ==================
2021-05-18T12:23:23: Parsed
2021-05-18T12:23:23: Authenticated
2021-05-18T12:23:28: ============== Upload ==================
2021-05-18T12:23:28: Parsed
2021-05-18T12:23:28: Authenticated
2021-05-18T12:23:28: ============== Upload ==================
2021-05-18T12:23:28: Parsed
2021-05-18T12:23:28: Authenticated
2021-05-18T12:23:34: ============== Upload ==================
2021-05-18T12:23:34: Parsed
2021-05-18T12:23:34: Authenticated
2021-05-18T12:25:33: ============== Upload ==================
2021-05-18T12:25:33: Parsed
2021-05-18T12:25:33: Authenticated
2021-05-18T12:25:44: ============== Upload ==================
2021-05-18T12:25:44: Parsed
2021-05-18T12:25:44: Authenticated
2021-05-18T12:25:55: ============== Upload ==================
2021-05-18T12:25:55: Parsed
2021-05-18T12:25:55: Authenticated
2021-05-18T12:26:00: ============== Upload ==================
2021-05-18T12:26:01: Parsed
2021-05-18T12:26:01: Authenticated
2021-05-18T12:26:05: ============== Upload ==================
2021-05-18T12:26:05: Parsed
2021-05-18T12:26:05: Authenticated
2021-05-18T12:26:10: ============== Upload ==================
2021-05-18T12:26:10: Parsed
2021-05-18T12:26:10: Authenticated
2021-05-18T12:26:15: ============== Upload ==================
2021-05-18T12:26:15: Parsed
2021-05-18T12:26:15: Authenticated
2021-05-18T12:28:10: ============== Upload ==================
2021-05-18T12:28:10: Parsed
2021-05-18T12:28:10: Authenticated
2021-05-18T12:28:14: ============== Upload ==================
2021-05-18T12:28:14: Parsed
2021-05-18T12:28:14: Authenticated
2021-05-18T12:28:18: ============== Upload ==================
2021-05-18T12:28:18: Parsed
2021-05-18T12:28:18: Authenticated
2021-05-18T12:28:23: ============== Upload ==================
2021-05-18T12:28:23: Parsed
2021-05-18T12:28:23: Authenticated
2021-05-18T12:28:28: ============== Upload ==================
2021-05-18T12:28:28: Parsed
2021-05-18T12:28:28: Authenticated
2021-05-18T12:28:33: ============== Upload ==================
2021-05-18T12:28:33: Parsed
2021-05-18T12:28:33: Authenticated
2021-05-18T12:32:28: ============== Upload ==================
2021-05-18T12:32:30: Parsed
2021-05-18T12:32:30: Authenticated
2021-05-18T12:32:55: ============== Upload ==================
2021-05-18T12:32:56: Parsed
2021-05-18T12:32:56: Authenticated
2021-05-18T12:33:00: ============== Upload ==================
2021-05-18T12:33:00: Parsed
2021-05-18T12:33:00: Authenticated
2021-05-18T12:33:03: ============== Upload ==================
2021-05-18T12:33:03: Parsed
2021-05-18T12:33:03: Authenticated
2021-05-18T12:33:06: ============== Upload ==================
2021-05-18T12:33:06: Parsed
2021-05-18T12:33:06: Authenticated
2021-05-18T12:33:09: ============== Upload ==================
2021-05-18T12:33:09: Parsed
2021-05-18T12:33:09: Authenticated
2021-05-18T12:33:13: ============== Upload ==================
2021-05-18T12:33:13: Parsed
2021-05-18T12:33:13: Authenticated
2021-05-18T12:35:07: ============== Upload ==================
2021-05-18T12:35:07: Parsed
2021-05-18T12:35:07: Authenticated
2021-05-18T12:35:11: ============== Upload ==================
2021-05-18T12:35:11: Parsed
2021-05-18T12:35:11: Authenticated
2021-05-18T12:35:20: ============== Upload ==================
2021-05-18T12:35:20: Parsed
2021-05-18T12:35:20: Authenticated
2021-05-18T12:35:25: ============== Upload ==================
2021-05-18T12:35:25: Parsed
2021-05-18T12:35:25: Authenticated
2021-05-18T12:35:30: ============== Upload ==================
2021-05-18T12:35:30: Parsed
2021-05-18T12:35:30: Authenticated
2021-05-18T12:35:34: ============== Upload ==================
2021-05-18T12:35:34: Parsed
2021-05-18T12:35:34: Authenticated
2021-05-18T12:42:12: ============== Upload ==================
2021-05-18T12:42:12: Parsed
2021-05-18T12:42:12: Authenticated
2021-05-18T12:42:16: ============== Upload ==================
2021-05-18T12:42:17: Parsed
2021-05-18T12:42:17: Authenticated
2021-05-18T12:42:22: ============== Upload ==================
2021-05-18T12:42:23: Parsed
2021-05-18T12:42:23: Authenticated
2021-05-18T12:42:27: ============== Upload ==================
2021-05-18T12:42:27: Parsed
2021-05-18T12:42:27: Authenticated
2021-05-18T12:42:32: ============== Upload ==================
2021-05-18T12:42:32: Parsed
2021-05-18T12:42:32: Authenticated
2021-05-18T12:42:36: ============== Upload ==================
2021-05-18T12:42:37: Parsed
2021-05-18T12:42:37: Authenticated
2021-05-18T12:54:06: ============== Upload ==================
2021-05-18T12:54:08: Parsed
2021-05-18T12:54:08: Authenticated
2021-05-18T12:54:08: ============== Upload ==================
2021-05-18T12:54:08: Parsed
2021-05-18T12:54:08: Authenticated
2021-05-18T12:54:12: ============== Upload ==================
2021-05-18T12:54:13: Parsed
2021-05-18T12:54:13: Authenticated
2021-05-18T12:54:15: ============== Upload ==================
2021-05-18T12:54:17: Parsed
2021-05-18T12:54:17: Authenticated
2021-05-18T12:54:18: ============== Upload ==================
2021-05-18T12:54:18: Parsed
2021-05-18T12:54:18: Authenticated
2021-05-18T12:54:21: ============== Upload ==================
2021-05-18T12:54:21: Parsed
2021-05-18T12:54:21: Authenticated
2021-05-18T13:15:53: ============== Upload ==================
2021-05-18T13:15:53: Parsed
2021-05-18T13:15:53: Authenticated
2021-05-18T13:15:56: ============== Upload ==================
2021-05-18T13:15:56: Parsed
2021-05-18T13:15:56: Authenticated
2021-05-18T13:15:59: ============== Upload ==================
2021-05-18T13:15:59: Parsed
2021-05-18T13:15:59: Authenticated
2021-05-18T13:16:03: ============== Upload ==================
2021-05-18T13:16:04: Parsed
2021-05-18T13:16:04: Authenticated
2021-05-18T13:16:06: ============== Upload ==================
2021-05-18T13:16:07: Parsed
2021-05-18T13:16:07: Authenticated
2021-05-18T13:16:09: ============== Upload ==================
2021-05-18T13:16:09: Parsed
2021-05-18T13:16:09: Authenticated
2021-05-19T05:14:39: ============== Upload ==================
2021-05-19T05:14:39: Parsed
2021-05-19T05:14:39: Authenticated
2021-05-19T05:14:42: ============== Upload ==================
2021-05-19T05:14:43: Parsed
2021-05-19T05:14:43: Authenticated
2021-05-19T05:14:45: ============== Upload ==================
2021-05-19T05:14:45: Parsed
2021-05-19T05:14:45: Authenticated
2021-05-19T05:14:48: ============== Upload ==================
2021-05-19T05:14:48: Parsed
2021-05-19T05:14:48: Authenticated
2021-05-19T05:14:51: ============== Upload ==================
2021-05-19T05:14:52: Parsed
2021-05-19T05:14:52: Authenticated
2021-05-19T05:14:53: ============== Upload ==================
2021-05-19T05:14:53: Parsed
2021-05-19T05:14:53: Authenticated
2021-05-19T05:21:52: ============== Upload ==================
2021-05-19T05:21:52: Parsed
2021-05-19T05:21:52: Authenticated
2021-05-19T05:21:54: ============== Upload ==================
2021-05-19T05:21:54: Parsed
2021-05-19T05:21:54: Authenticated
2021-05-19T05:21:58: ============== Upload ==================
2021-05-19T05:21:58: Parsed
2021-05-19T05:21:58: Authenticated
2021-05-19T05:22:00: ============== Upload ==================
2021-05-19T05:22:01: Parsed
2021-05-19T05:22:01: Authenticated
2021-05-19T05:22:03: ============== Upload ==================
2021-05-19T05:22:05: Parsed
2021-05-19T05:22:05: Authenticated
2021-05-19T05:22:06: ============== Upload ==================
2021-05-19T05:22:06: Parsed
2021-05-19T05:22:06: Authenticated
2021-05-19T05:23:56: ============== Upload ==================
2021-05-19T05:23:56: Parsed
2021-05-19T05:23:56: Authenticated
2021-05-19T05:23:58: ============== Upload ==================
2021-05-19T05:23:58: Parsed
2021-05-19T05:23:58: Authenticated
2021-05-19T05:24:00: ============== Upload ==================
2021-05-19T05:24:01: Parsed
2021-05-19T05:24:01: Authenticated
2021-05-19T05:24:04: ============== Upload ==================
2021-05-19T05:24:04: Parsed
2021-05-19T05:24:04: Authenticated
2021-05-19T05:24:07: ============== Upload ==================
2021-05-19T05:24:07: Parsed
2021-05-19T05:24:07: Authenticated
2021-05-19T05:24:10: ============== Upload ==================
2021-05-19T05:24:11: Parsed
2021-05-19T05:24:11: Authenticated
2021-05-19T05:25:48: ============== Upload ==================
2021-05-19T05:25:48: Parsed
2021-05-19T05:25:48: Authenticated
2021-05-19T05:27:24: ============== Upload ==================
2021-05-19T05:27:24: Parsed
2021-05-19T05:27:24: Authenticated
2021-05-19T05:27:29: ============== Upload ==================
2021-05-19T05:27:29: Parsed
2021-05-19T05:27:29: Authenticated
2021-05-19T05:27:35: ============== Upload ==================
2021-05-19T05:27:35: Parsed
2021-05-19T05:27:35: Authenticated
2021-05-19T05:27:42: ============== Upload ==================
2021-05-19T05:27:42: Parsed
2021-05-19T05:27:42: Authenticated
2021-05-19T05:27:48: ============== Upload ==================
2021-05-19T05:27:48: Parsed
2021-05-19T05:27:48: Authenticated
2021-05-19T05:27:55: ============== Upload ==================
2021-05-19T05:27:55: Parsed
2021-05-19T05:27:55: Authenticated
2021-05-19T05:30:06: ============== Upload ==================
2021-05-19T05:30:06: Parsed
2021-05-19T05:30:06: Authenticated
2021-05-19T05:30:08: ============== Upload ==================
2021-05-19T05:30:08: Parsed
2021-05-19T05:30:08: Authenticated
2021-05-19T05:30:11: ============== Upload ==================
2021-05-19T05:30:11: Parsed
2021-05-19T05:30:11: Authenticated
2021-05-19T05:30:14: ============== Upload ==================
2021-05-19T05:30:14: Parsed
2021-05-19T05:30:14: Authenticated
2021-05-19T05:30:17: ============== Upload ==================
2021-05-19T05:30:17: Parsed
2021-05-19T05:30:17: Authenticated
2021-05-19T05:30:19: ============== Upload ==================
2021-05-19T05:30:20: Parsed
2021-05-19T05:30:20: Authenticated
2021-05-19T06:02:16: ============== Upload ==================
2021-05-19T06:02:16: Parsed
2021-05-19T06:02:16: Authenticated
2021-05-19T06:02:18: ============== Upload ==================
2021-05-19T06:02:19: Parsed
2021-05-19T06:02:19: Authenticated
2021-05-19T06:02:21: ============== Upload ==================
2021-05-19T06:02:22: Parsed
2021-05-19T06:02:22: Authenticated
2021-05-19T06:02:24: ============== Upload ==================
2021-05-19T06:02:24: Parsed
2021-05-19T06:02:24: Authenticated
2021-05-19T06:02:27: ============== Upload ==================
2021-05-19T06:02:28: Parsed
2021-05-19T06:02:28: Authenticated
2021-05-19T06:02:30: ============== Upload ==================
2021-05-19T06:02:30: Parsed
2021-05-19T06:02:30: Authenticated
2021-05-19T06:04:46: ============== Upload ==================
2021-05-19T06:04:47: Parsed
2021-05-19T06:04:47: Authenticated
2021-05-19T06:04:49: ============== Upload ==================
2021-05-19T06:04:51: Parsed
2021-05-19T06:04:51: Authenticated
2021-05-19T06:04:53: ============== Upload ==================
2021-05-19T06:04:53: Parsed
2021-05-19T06:04:53: Authenticated
2021-05-19T06:04:56: ============== Upload ==================
2021-05-19T06:04:56: Parsed
2021-05-19T06:04:56: Authenticated
2021-05-19T06:04:58: ============== Upload ==================
2021-05-19T06:04:59: Parsed
2021-05-19T06:04:59: Authenticated
2021-05-19T06:05:02: ============== Upload ==================
2021-05-19T06:05:02: Parsed
2021-05-19T06:05:02: Authenticated
2021-05-19T06:18:36: ============== Upload ==================
2021-05-19T06:18:36: Parsed
2021-05-19T06:18:36: Authenticated
2021-05-19T06:18:39: ============== Upload ==================
2021-05-19T06:18:39: Parsed
2021-05-19T06:18:39: Authenticated
2021-05-19T06:18:42: ============== Upload ==================
2021-05-19T06:18:42: Parsed
2021-05-19T06:18:42: Authenticated
2021-05-19T06:18:46: ============== Upload ==================
2021-05-19T06:18:46: Parsed
2021-05-19T06:18:46: Authenticated
2021-05-19T06:18:49: ============== Upload ==================
2021-05-19T06:18:50: Parsed
2021-05-19T06:18:50: Authenticated
2021-05-19T06:18:53: ============== Upload ==================
2021-05-19T06:18:53: Parsed
2021-05-19T06:18:53: Authenticated
2021-05-19T06:19:42: ============== Upload ==================
2021-05-19T06:19:42: Parsed
2021-05-19T06:19:42: Authenticated
2021-05-19T06:21:57: ============== Upload ==================
2021-05-19T06:22:01: Parsed
2021-05-19T06:22:01: Authenticated
2021-05-19T06:22:02: ============== Upload ==================
2021-05-19T06:22:02: Parsed
2021-05-19T06:22:02: Authenticated
2021-05-19T10:41:43: ============== Upload ==================
2021-05-19T10:41:43: Parsed
2021-05-19T10:41:43: Authenticated
2021-05-19T10:41:43: ============== Upload ==================
2021-05-19T10:41:43: Parsed
2021-05-19T10:41:43: Authenticated
2021-05-19T10:41:43: ============== Upload ==================
2021-05-19T10:41:43: Parsed
2021-05-19T10:41:43: Authenticated
2021-05-19T10:41:43: ============== Upload ==================
2021-05-19T10:41:43: Parsed
2021-05-19T10:41:43: Authenticated
2021-05-19T10:43:32: ============== Upload ==================
2021-05-19T10:43:32: Parsed
2021-05-19T10:43:32: Authenticated
2021-05-19T10:43:32: ============== Upload ==================
2021-05-19T10:43:32: Parsed
2021-05-19T10:43:32: Authenticated
2021-05-19T10:43:32: ============== Upload ==================
2021-05-19T10:43:32: Parsed
2021-05-19T10:43:32: Authenticated
2021-05-19T10:43:32: ============== Upload ==================
2021-05-19T10:43:32: Parsed
2021-05-19T10:43:32: Authenticated
2021-05-20T01:47:29: ============== Upload ==================
2021-05-20T01:47:29: Parsed
2021-05-20T01:47:29: Authenticated
2021-05-20T01:47:32: ============== Upload ==================
2021-05-20T01:47:32: Parsed
2021-05-20T01:47:32: Authenticated
2021-05-20T01:47:38: ============== Upload ==================
2021-05-20T01:47:38: Parsed
2021-05-20T01:47:38: Authenticated
2021-05-20T01:47:52: ============== Upload ==================
2021-05-20T01:47:52: Parsed
2021-05-20T01:47:52: Authenticated
2021-05-20T01:48:03: ============== Upload ==================
2021-05-20T01:48:03: Parsed
2021-05-20T01:48:03: Authenticated
2021-05-20T01:48:16: ============== Upload ==================
2021-05-20T01:48:16: Parsed
2021-05-20T01:48:16: Authenticated
2021-05-20T05:47:49: ============== Upload ==================
2021-05-20T05:47:49: Parsed
2021-05-20T05:47:49: Authenticated
2021-05-20T05:49:06: ============== Upload ==================
2021-05-20T05:49:08: Parsed
2021-05-20T05:49:08: Authenticated
2021-05-20T05:49:10: ============== Upload ==================
2021-05-20T05:49:11: Parsed
2021-05-20T05:49:11: Authenticated
2021-05-20T05:49:14: ============== Upload ==================
2021-05-20T05:49:16: Parsed
2021-05-20T05:49:16: Authenticated
2021-05-20T05:49:18: ============== Upload ==================
2021-05-20T05:49:20: Parsed
2021-05-20T05:49:20: Authenticated
2021-05-20T05:49:23: ============== Upload ==================
2021-05-20T05:49:25: Parsed
2021-05-20T05:49:25: Authenticated
2021-05-20T05:49:28: ============== Upload ==================
2021-05-20T05:49:30: Parsed
2021-05-20T05:49:30: Authenticated
2021-05-20T08:03:36: ============== Upload ==================
2021-05-20T08:03:36: Parsed
2021-05-20T08:03:36: Authenticated
2021-05-20T08:03:45: ============== Upload ==================
2021-05-20T08:03:45: Parsed
2021-05-20T08:03:45: Authenticated
2021-05-20T08:03:49: ============== Upload ==================
2021-05-20T08:03:49: Parsed
2021-05-20T08:03:49: Authenticated
2021-05-20T09:30:43: ============== Upload ==================
2021-05-20T09:30:44: Parsed
2021-05-20T09:30:44: Authenticated
2021-05-20T09:30:48: ============== Upload ==================
2021-05-20T09:30:49: Parsed
2021-05-20T09:30:49: Authenticated
2021-05-20T09:30:56: ============== Upload ==================
2021-05-20T09:31:01: Parsed
2021-05-20T09:31:01: Authenticated
2021-05-20T09:31:07: ============== Upload ==================
2021-05-20T09:31:08: Parsed
2021-05-20T09:31:08: Authenticated
2021-05-20T09:31:13: ============== Upload ==================
2021-05-20T09:31:14: Parsed
2021-05-20T09:31:14: Authenticated
2021-05-20T09:31:22: ============== Upload ==================
2021-05-20T09:31:23: Parsed
2021-05-20T09:31:23: Authenticated
2021-05-20T09:39:21: ============== Upload ==================
2021-05-20T09:39:22: Parsed
2021-05-20T09:39:22: Authenticated
2021-05-20T09:39:25: ============== Upload ==================
2021-05-20T09:39:25: Parsed
2021-05-20T09:39:25: Authenticated
2021-05-20T09:39:29: ============== Upload ==================
2021-05-20T09:39:29: Parsed
2021-05-20T09:39:29: Authenticated
2021-05-20T09:39:35: ============== Upload ==================
2021-05-20T09:39:35: Parsed
2021-05-20T09:39:35: Authenticated
2021-05-20T09:39:40: ============== Upload ==================
2021-05-20T09:39:41: Parsed
2021-05-20T09:39:41: Authenticated
2021-05-20T09:39:45: ============== Upload ==================
2021-05-20T09:39:45: Parsed
2021-05-20T09:39:45: Authenticated
2021-05-21T06:38:26: ============== Upload ==================
2021-05-21T06:38:26: Parsed
2021-05-21T06:38:26: Authenticated
2021-05-21T06:38:29: ============== Upload ==================
2021-05-21T06:38:30: Parsed
2021-05-21T06:38:30: Authenticated
2021-05-21T06:38:32: ============== Upload ==================
2021-05-21T06:38:33: Parsed
2021-05-21T06:38:33: Authenticated
2021-05-21T06:38:36: ============== Upload ==================
2021-05-21T06:38:36: Parsed
2021-05-21T06:38:36: Authenticated
2021-05-21T06:38:40: ============== Upload ==================
2021-05-21T06:38:40: Parsed
2021-05-21T06:38:40: Authenticated
2021-05-21T06:38:43: ============== Upload ==================
2021-05-21T06:38:43: Parsed
2021-05-21T06:38:43: Authenticated
2021-05-21T06:47:40: ============== Upload ==================
2021-05-21T06:47:40: Parsed
2021-05-21T06:47:40: Authenticated
2021-05-21T06:47:43: ============== Upload ==================
2021-05-21T06:47:43: Parsed
2021-05-21T06:47:43: Authenticated
2021-05-21T06:47:47: ============== Upload ==================
2021-05-21T06:47:47: Parsed
2021-05-21T06:47:47: Authenticated
2021-05-21T06:47:50: ============== Upload ==================
2021-05-21T06:47:50: Parsed
2021-05-21T06:47:50: Authenticated
2021-05-21T06:47:53: ============== Upload ==================
2021-05-21T06:47:54: Parsed
2021-05-21T06:47:54: Authenticated
2021-05-21T06:47:57: ============== Upload ==================
2021-05-21T06:47:57: Parsed
2021-05-21T06:47:57: Authenticated
2021-05-21T06:51:20: ============== Upload ==================
2021-05-21T06:51:21: Parsed
2021-05-21T06:51:21: Authenticated
2021-05-21T06:53:47: ============== Upload ==================
2021-05-21T06:53:48: Parsed
2021-05-21T06:53:48: Authenticated
2021-05-21T06:53:52: ============== Upload ==================
2021-05-21T06:53:52: Parsed
2021-05-21T06:53:52: Authenticated
2021-05-21T06:53:58: ============== Upload ==================
2021-05-21T06:53:58: Parsed
2021-05-21T06:53:58: Authenticated
2021-05-21T06:54:07: ============== Upload ==================
2021-05-21T06:54:07: Parsed
2021-05-21T06:54:07: Authenticated
2021-05-21T06:54:13: ============== Upload ==================
2021-05-21T06:54:13: Parsed
2021-05-21T06:54:13: Authenticated
2021-05-21T06:54:18: ============== Upload ==================
2021-05-21T06:54:19: Parsed
2021-05-21T06:54:19: Authenticated
2021-05-21T07:28:38: ============== Upload ==================
2021-05-21T07:28:41: Parsed
2021-05-21T07:28:41: Authenticated
2021-05-21T07:28:42: ============== Upload ==================
2021-05-21T07:28:46: Parsed
2021-05-21T07:28:46: Authenticated
2021-05-21T07:28:47: ============== Upload ==================
2021-05-21T07:28:47: ============== Upload ==================
2021-05-21T07:28:48: Parsed
2021-05-21T07:28:48: Authenticated
2021-05-21T07:28:49: ============== Upload ==================
2021-05-21T07:28:50: Parsed
2021-05-21T07:28:50: Authenticated
2021-05-21T07:28:51: Parsed
2021-05-21T07:28:51: Authenticated
2021-05-21T07:28:52: ============== Upload ==================
2021-05-21T07:28:52: Parsed
2021-05-21T07:28:52: Authenticated
2021-05-21T07:30:37: ============== Upload ==================
2021-05-21T07:30:37: Parsed
2021-05-21T07:30:37: Authenticated
2021-05-21T07:35:10: ============== Upload ==================
2021-05-21T07:35:10: Parsed
2021-05-21T07:35:10: Authenticated
2021-05-21T09:13:12: ============== Upload ==================
2021-05-21T09:13:14: Parsed
2021-05-21T09:13:14: Authenticated
2021-05-21T09:13:18: ============== Upload ==================
2021-05-21T09:13:20: Parsed
2021-05-21T09:13:20: Authenticated
2021-05-21T09:13:25: ============== Upload ==================
2021-05-21T09:13:28: Parsed
2021-05-21T09:13:28: Authenticated
2021-05-21T09:13:30: ============== Upload ==================
2021-05-21T09:13:33: Parsed
2021-05-21T09:13:33: Authenticated
2021-05-21T09:13:37: ============== Upload ==================
2021-05-21T09:13:39: Parsed
2021-05-21T09:13:39: Authenticated
2021-05-21T09:13:41: ============== Upload ==================
2021-05-21T09:13:44: Parsed
2021-05-21T09:13:44: Authenticated
2021-05-21T09:14:24: ============== Upload ==================
2021-05-21T09:14:26: Parsed
2021-05-21T09:14:26: Authenticated
2021-05-21T09:14:32: ============== Upload ==================
2021-05-21T09:14:33: Parsed
2021-05-21T09:14:33: Authenticated
2021-05-21T09:14:35: ============== Upload ==================
2021-05-21T09:14:37: Parsed
2021-05-21T09:14:37: Authenticated
2021-05-21T09:14:42: ============== Upload ==================
2021-05-21T09:14:44: Parsed
2021-05-21T09:14:44: Authenticated
2021-05-21T09:14:47: ============== Upload ==================
2021-05-21T09:14:48: Parsed
2021-05-21T09:14:48: Authenticated
2021-05-21T09:14:52: ============== Upload ==================
2021-05-21T09:14:53: Parsed
2021-05-21T09:14:53: Authenticated
2021-05-21T09:42:27: ============== Upload ==================
2021-05-21T09:42:27: Parsed
2021-05-21T09:42:27: Authenticated
2021-05-21T09:42:31: ============== Upload ==================
2021-05-21T09:42:31: Parsed
2021-05-21T09:42:31: Authenticated
2021-05-21T09:42:35: ============== Upload ==================
2021-05-21T09:42:35: Parsed
2021-05-21T09:42:35: Authenticated
2021-05-21T09:42:39: ============== Upload ==================
2021-05-21T09:42:39: Parsed
2021-05-21T09:42:39: Authenticated
2021-05-21T09:42:42: ============== Upload ==================
2021-05-21T09:42:42: Parsed
2021-05-21T09:42:42: Authenticated
2021-05-21T09:42:47: ============== Upload ==================
2021-05-21T09:42:47: Parsed
2021-05-21T09:42:47: Authenticated
2021-05-21T09:50:33: ============== Upload ==================
2021-05-21T09:50:33: Parsed
2021-05-21T09:50:33: Authenticated
2021-05-21T09:50:36: ============== Upload ==================
2021-05-21T09:50:36: Parsed
2021-05-21T09:50:36: Authenticated
2021-05-21T09:50:47: ============== Upload ==================
2021-05-21T09:50:47: Parsed
2021-05-21T09:50:47: Authenticated
2021-05-21T09:50:50: ============== Upload ==================
2021-05-21T09:50:50: Parsed
2021-05-21T09:50:50: Authenticated
2021-05-21T09:50:54: ============== Upload ==================
2021-05-21T09:50:54: Parsed
2021-05-21T09:50:54: Authenticated
2021-05-21T09:50:58: ============== Upload ==================
2021-05-21T09:50:58: Parsed
2021-05-21T09:50:58: Authenticated
2021-05-21T10:00:07: ============== Upload ==================
2021-05-21T10:00:07: Parsed
2021-05-21T10:00:07: Authenticated
2021-05-21T10:00:10: ============== Upload ==================
2021-05-21T10:00:10: Parsed
2021-05-21T10:00:10: Authenticated
2021-05-21T10:00:15: ============== Upload ==================
2021-05-21T10:00:15: Parsed
2021-05-21T10:00:15: Authenticated
2021-05-21T10:00:19: ============== Upload ==================
2021-05-21T10:00:19: Parsed
2021-05-21T10:00:19: Authenticated
2021-05-21T10:00:22: ============== Upload ==================
2021-05-21T10:00:22: Parsed
2021-05-21T10:00:22: Authenticated
2021-05-21T10:00:27: ============== Upload ==================
2021-05-21T10:00:27: Parsed
2021-05-21T10:00:27: Authenticated
2021-05-21T12:06:08: ============== Upload ==================
2021-05-21T12:06:09: Parsed
2021-05-21T12:06:09: Authenticated
2021-05-21T12:06:12: ============== Upload ==================
2021-05-21T12:06:14: Parsed
2021-05-21T12:06:14: Authenticated
2021-05-21T12:06:17: ============== Upload ==================
2021-05-21T12:06:17: Parsed
2021-05-21T12:06:17: Authenticated
2021-05-21T12:06:21: ============== Upload ==================
2021-05-21T12:06:25: Parsed
2021-05-21T12:06:25: Authenticated
2021-05-21T12:06:25: ============== Upload ==================
2021-05-21T12:06:30: Parsed
2021-05-21T12:06:30: Authenticated
2021-05-21T12:06:30: ============== Upload ==================
2021-05-21T12:06:30: Parsed
2021-05-21T12:06:30: Authenticated
2021-05-21T12:29:59: ============== Upload ==================
2021-05-21T12:29:59: Parsed
2021-05-21T12:29:59: Authenticated
2021-05-21T12:30:02: ============== Upload ==================
2021-05-21T12:30:04: Parsed
2021-05-21T12:30:04: Authenticated
2021-05-21T12:30:06: ============== Upload ==================
2021-05-21T12:30:06: Parsed
2021-05-21T12:30:06: Authenticated
2021-05-21T12:30:10: ============== Upload ==================
2021-05-21T12:30:11: Parsed
2021-05-21T12:30:11: Authenticated
2021-05-21T12:30:13: ============== Upload ==================
2021-05-21T12:30:14: Parsed
2021-05-21T12:30:14: Authenticated
2021-05-21T12:30:17: ============== Upload ==================
2021-05-21T12:30:19: Parsed
2021-05-21T12:30:19: Authenticated
2021-05-21T12:34:06: ============== Upload ==================
2021-05-21T12:34:06: Parsed
2021-05-21T12:34:06: Authenticated
2021-05-21T12:34:09: ============== Upload ==================
2021-05-21T12:34:09: Parsed
2021-05-21T12:34:09: Authenticated
2021-05-21T12:34:15: ============== Upload ==================
2021-05-21T12:34:15: Parsed
2021-05-21T12:34:15: Authenticated
2021-05-21T12:34:24: ============== Upload ==================
2021-05-21T12:34:24: Parsed
2021-05-21T12:34:24: Authenticated
2021-05-21T12:34:28: ============== Upload ==================
2021-05-21T12:34:29: Parsed
2021-05-21T12:34:29: Authenticated
2021-05-21T12:34:33: ============== Upload ==================
2021-05-21T12:34:35: Parsed
2021-05-21T12:34:35: Authenticated
2021-05-22T01:38:36: ============== Upload ==================
2021-05-22T01:38:36: Parsed
2021-05-22T01:38:36: Authenticated
2021-05-22T01:38:40: ============== Upload ==================
2021-05-22T01:38:40: Parsed
2021-05-22T01:38:40: Authenticated
2021-05-22T01:38:44: ============== Upload ==================
2021-05-22T01:38:44: Parsed
2021-05-22T01:38:44: Authenticated
2021-05-22T01:38:48: ============== Upload ==================
2021-05-22T01:38:48: Parsed
2021-05-22T01:38:48: Authenticated
2021-05-22T01:38:51: ============== Upload ==================
2021-05-22T01:38:51: Parsed
2021-05-22T01:38:51: Authenticated
2021-05-22T01:38:55: ============== Upload ==================
2021-05-22T01:38:55: Parsed
2021-05-22T01:38:55: Authenticated
2021-05-22T05:09:27: ============== Upload ==================
2021-05-22T05:09:28: Parsed
2021-05-22T05:09:28: Authenticated
2021-05-22T05:09:30: ============== Upload ==================
2021-05-22T05:09:35: ============== Upload ==================
2021-05-22T05:09:36: Parsed
2021-05-22T05:09:36: Authenticated
2021-05-22T05:09:39: ============== Upload ==================
2021-05-22T05:09:40: Parsed
2021-05-22T05:09:40: Authenticated
2021-05-22T05:09:42: Parsed
2021-05-22T05:09:42: Authenticated
2021-05-22T05:09:44: ============== Upload ==================
2021-05-22T05:09:48: ============== Upload ==================
2021-05-22T05:09:49: Parsed
2021-05-22T05:09:49: Authenticated
2021-05-22T05:09:52: Parsed
2021-05-22T05:09:52: Authenticated
2021-05-22T05:16:39: ============== Upload ==================
2021-05-22T05:16:39: Parsed
2021-05-22T05:16:39: Authenticated
2021-05-22T05:16:43: ============== Upload ==================
2021-05-22T05:16:43: Parsed
2021-05-22T05:16:43: Authenticated
2021-05-22T05:16:47: ============== Upload ==================
2021-05-22T05:16:47: Parsed
2021-05-22T05:16:47: Authenticated
2021-05-22T05:16:51: ============== Upload ==================
2021-05-22T05:16:52: Parsed
2021-05-22T05:16:52: Authenticated
2021-05-22T05:16:56: ============== Upload ==================
2021-05-22T05:16:56: Parsed
2021-05-22T05:16:56: Authenticated
2021-05-22T05:16:59: ============== Upload ==================
2021-05-22T05:16:59: Parsed
2021-05-22T05:16:59: Authenticated
2021-05-22T10:26:18: ============== Upload ==================
2021-05-22T10:26:18: Parsed
2021-05-22T10:26:18: Authenticated
2021-05-22T10:26:21: ============== Upload ==================
2021-05-22T10:26:21: Parsed
2021-05-22T10:26:21: Authenticated
2021-05-22T10:26:25: ============== Upload ==================
2021-05-22T10:26:25: Parsed
2021-05-22T10:26:25: Authenticated
2021-05-22T10:26:30: ============== Upload ==================
2021-05-22T10:26:30: Parsed
2021-05-22T10:26:30: Authenticated
2021-05-22T10:26:34: ============== Upload ==================
2021-05-22T10:26:34: Parsed
2021-05-22T10:26:34: Authenticated
2021-05-22T10:26:38: ============== Upload ==================
2021-05-22T10:26:38: Parsed
2021-05-22T10:26:38: Authenticated
2021-05-22T10:47:50: ============== Upload ==================
2021-05-22T10:47:50: Parsed
2021-05-22T10:47:50: Authenticated
2021-05-22T10:52:03: ============== Upload ==================
2021-05-22T10:52:03: Parsed
2021-05-22T10:52:03: Authenticated
2021-05-22T10:52:06: ============== Upload ==================
2021-05-22T10:52:07: Parsed
2021-05-22T10:52:07: Authenticated
2021-05-22T10:52:09: ============== Upload ==================
2021-05-22T10:52:09: Parsed
2021-05-22T10:52:09: Authenticated
2021-05-22T10:52:12: ============== Upload ==================
2021-05-22T10:52:12: Parsed
2021-05-22T10:52:12: Authenticated
2021-05-22T10:52:15: ============== Upload ==================
2021-05-22T10:52:15: Parsed
2021-05-22T10:52:15: Authenticated
2021-05-22T10:52:17: ============== Upload ==================
2021-05-22T10:52:18: Parsed
2021-05-22T10:52:18: Authenticated
2021-05-22T11:09:00: ============== Upload ==================
2021-05-22T11:09:00: Parsed
2021-05-22T11:09:00: Authenticated
2021-05-22T11:09:02: ============== Upload ==================
2021-05-22T11:09:03: Parsed
2021-05-22T11:09:03: Authenticated
2021-05-22T11:09:05: ============== Upload ==================
2021-05-22T11:09:06: Parsed
2021-05-22T11:09:06: Authenticated
2021-05-22T11:09:09: ============== Upload ==================
2021-05-22T11:09:09: Parsed
2021-05-22T11:09:09: Authenticated
2021-05-22T11:09:12: ============== Upload ==================
2021-05-22T11:09:13: Parsed
2021-05-22T11:09:13: Authenticated
2021-05-22T11:09:16: ============== Upload ==================
2021-05-22T11:09:16: Parsed
2021-05-22T11:09:16: Authenticated
2021-05-22T11:15:54: ============== Upload ==================
2021-05-22T11:15:54: Parsed
2021-05-22T11:15:54: Authenticated
2021-05-22T11:15:57: ============== Upload ==================
2021-05-22T11:15:58: Parsed
2021-05-22T11:15:58: Authenticated
2021-05-22T11:15:59: ============== Upload ==================
2021-05-22T11:16:00: Parsed
2021-05-22T11:16:00: Authenticated
2021-05-22T11:16:03: ============== Upload ==================
2021-05-22T11:16:05: Parsed
2021-05-22T11:16:05: Authenticated
2021-05-22T11:16:06: ============== Upload ==================
2021-05-22T11:16:06: Parsed
2021-05-22T11:16:06: Authenticated
2021-05-22T11:16:09: ============== Upload ==================
2021-05-22T11:16:10: Parsed
2021-05-22T11:16:10: Authenticated
2021-05-22T11:20:04: ============== Upload ==================
2021-05-22T11:20:06: Parsed
2021-05-22T11:20:06: Authenticated
2021-05-22T11:20:07: ============== Upload ==================
2021-05-22T11:20:07: Parsed
2021-05-22T11:20:07: Authenticated
2021-05-22T11:20:10: ============== Upload ==================
2021-05-22T11:20:12: Parsed
2021-05-22T11:20:12: Authenticated
2021-05-22T11:20:13: ============== Upload ==================
2021-05-22T11:20:13: Parsed
2021-05-22T11:20:13: Authenticated
2021-05-22T11:20:17: ============== Upload ==================
2021-05-22T11:20:18: Parsed
2021-05-22T11:20:18: Authenticated
2021-05-22T11:20:19: ============== Upload ==================
2021-05-22T11:20:19: Parsed
2021-05-22T11:20:19: Authenticated
2021-05-22T11:30:26: ============== Upload ==================
2021-05-22T11:30:26: Parsed
2021-05-22T11:30:26: Authenticated
2021-05-22T11:30:30: ============== Upload ==================
2021-05-22T11:30:30: Parsed
2021-05-22T11:30:30: Authenticated
2021-05-22T11:30:35: ============== Upload ==================
2021-05-22T11:30:35: Parsed
2021-05-22T11:30:35: Authenticated
2021-05-22T11:30:39: ============== Upload ==================
2021-05-22T11:30:39: Parsed
2021-05-22T11:30:39: Authenticated
2021-05-22T11:30:42: ============== Upload ==================
2021-05-22T11:30:42: Parsed
2021-05-22T11:30:42: Authenticated
2021-05-22T11:30:46: ============== Upload ==================
2021-05-22T11:30:46: Parsed
2021-05-22T11:30:46: Authenticated
2021-05-22T11:41:21: ============== Upload ==================
2021-05-22T11:41:21: Parsed
2021-05-22T11:41:21: Authenticated
2021-05-22T11:41:24: ============== Upload ==================
2021-05-22T11:41:24: Parsed
2021-05-22T11:41:24: Authenticated
2021-05-22T11:41:29: ============== Upload ==================
2021-05-22T11:41:29: Parsed
2021-05-22T11:41:29: Authenticated
2021-05-22T11:41:32: ============== Upload ==================
2021-05-22T11:41:32: Parsed
2021-05-22T11:41:32: Authenticated
2021-05-22T11:41:35: ============== Upload ==================
2021-05-22T11:41:35: Parsed
2021-05-22T11:41:35: Authenticated
2021-05-22T11:41:39: ============== Upload ==================
2021-05-22T11:41:39: Parsed
2021-05-22T11:41:39: Authenticated
2021-05-22T12:00:46: ============== Upload ==================
2021-05-22T12:00:46: Parsed
2021-05-22T12:00:46: Authenticated
2021-05-22T12:00:50: ============== Upload ==================
2021-05-22T12:00:50: Parsed
2021-05-22T12:00:50: Authenticated
2021-05-22T12:00:54: ============== Upload ==================
2021-05-22T12:00:54: Parsed
2021-05-22T12:00:54: Authenticated
2021-05-22T12:00:58: ============== Upload ==================
2021-05-22T12:00:58: Parsed
2021-05-22T12:00:58: Authenticated
2021-05-22T12:01:02: ============== Upload ==================
2021-05-22T12:01:02: Parsed
2021-05-22T12:01:02: Authenticated
2021-05-22T12:01:06: ============== Upload ==================
2021-05-22T12:01:06: Parsed
2021-05-22T12:01:06: Authenticated
2021-05-23T07:43:20: ============== Upload ==================
2021-05-23T07:43:20: Parsed
2021-05-23T07:43:20: Authenticated
2021-05-23T07:43:22: ============== Upload ==================
2021-05-23T07:43:22: Parsed
2021-05-23T07:43:22: Authenticated
2021-05-23T07:43:25: ============== Upload ==================
2021-05-23T07:43:25: Parsed
2021-05-23T07:43:25: Authenticated
2021-05-23T07:43:28: ============== Upload ==================
2021-05-23T07:43:28: Parsed
2021-05-23T07:43:28: Authenticated
2021-05-23T07:43:30: ============== Upload ==================
2021-05-23T07:43:30: Parsed
2021-05-23T07:43:30: Authenticated
2021-05-23T07:43:33: ============== Upload ==================
2021-05-23T07:43:33: Parsed
2021-05-23T07:43:33: Authenticated
2021-05-24T06:29:00: ============== Upload ==================
2021-05-24T06:29:00: Parsed
2021-05-24T06:29:00: Authenticated
2021-05-24T06:29:02: ============== Upload ==================
2021-05-24T06:29:02: Parsed
2021-05-24T06:29:02: Authenticated
2021-05-24T06:29:04: ============== Upload ==================
2021-05-24T06:29:04: Parsed
2021-05-24T06:29:04: Authenticated
2021-05-24T06:29:07: ============== Upload ==================
2021-05-24T06:29:07: Parsed
2021-05-24T06:29:07: Authenticated
2021-05-24T06:29:09: ============== Upload ==================
2021-05-24T06:29:09: Parsed
2021-05-24T06:29:09: Authenticated
2021-05-24T06:29:12: ============== Upload ==================
2021-05-24T06:29:12: Parsed
2021-05-24T06:29:12: Authenticated
2021-05-24T06:33:25: ============== Upload ==================
2021-05-24T06:33:25: Parsed
2021-05-24T06:33:25: Authenticated
2021-05-24T06:33:27: ============== Upload ==================
2021-05-24T06:33:27: Parsed
2021-05-24T06:33:27: Authenticated
2021-05-24T06:33:30: ============== Upload ==================
2021-05-24T06:33:30: Parsed
2021-05-24T06:33:30: Authenticated
2021-05-24T06:33:33: ============== Upload ==================
2021-05-24T06:33:33: Parsed
2021-05-24T06:33:33: Authenticated
2021-05-24T06:33:36: ============== Upload ==================
2021-05-24T06:33:36: Parsed
2021-05-24T06:33:36: Authenticated
2021-05-24T06:33:38: ============== Upload ==================
2021-05-24T06:33:38: Parsed
2021-05-24T06:33:38: Authenticated
2021-05-24T06:34:31: ============== Upload ==================
2021-05-24T06:34:31: Parsed
2021-05-24T06:34:31: Authenticated
2021-05-24T06:35:37: ============== Upload ==================
2021-05-24T06:35:37: Parsed
2021-05-24T06:35:37: Authenticated
2021-05-24T07:24:39: ============== Upload ==================
2021-05-24T07:24:39: Parsed
2021-05-24T07:24:39: Authenticated
2021-05-24T07:24:45: ============== Upload ==================
2021-05-24T07:24:45: Parsed
2021-05-24T07:24:45: Authenticated
2021-05-24T07:24:48: ============== Upload ==================
2021-05-24T07:24:48: Parsed
2021-05-24T07:24:48: Authenticated
2021-05-24T07:24:56: ============== Upload ==================
2021-05-24T07:24:56: Parsed
2021-05-24T07:24:56: Authenticated
2021-05-24T07:24:59: ============== Upload ==================
2021-05-24T07:24:59: Parsed
2021-05-24T07:24:59: Authenticated
2021-05-24T07:25:02: ============== Upload ==================
2021-05-24T07:25:02: Parsed
2021-05-24T07:25:02: Authenticated
2021-05-24T07:28:13: ============== Upload ==================
2021-05-24T07:28:13: Parsed
2021-05-24T07:28:13: Authenticated
2021-05-24T07:28:14: ============== Upload ==================
2021-05-24T07:28:14: Parsed
2021-05-24T07:28:14: Authenticated
2021-05-24T07:28:17: ============== Upload ==================
2021-05-24T07:28:17: Parsed
2021-05-24T07:28:17: Authenticated
2021-05-24T07:28:20: ============== Upload ==================
2021-05-24T07:28:20: Parsed
2021-05-24T07:28:20: Authenticated
2021-05-24T07:28:22: ============== Upload ==================
2021-05-24T07:28:22: Parsed
2021-05-24T07:28:22: Authenticated
2021-05-24T07:28:25: ============== Upload ==================
2021-05-24T07:28:25: Parsed
2021-05-24T07:28:25: Authenticated
2021-05-24T11:14:27: ============== Upload ==================
2021-05-24T11:14:27: Parsed
2021-05-24T11:14:27: Authenticated
2021-05-24T11:14:31: ============== Upload ==================
2021-05-24T11:14:31: Parsed
2021-05-24T11:14:31: Authenticated
2021-05-24T11:14:37: ============== Upload ==================
2021-05-24T11:14:37: Parsed
2021-05-24T11:14:37: Authenticated
2021-05-24T11:14:41: ============== Upload ==================
2021-05-24T11:14:41: Parsed
2021-05-24T11:14:41: Authenticated
2021-05-24T11:14:47: ============== Upload ==================
2021-05-24T11:14:47: Parsed
2021-05-24T11:14:47: Authenticated
2021-05-24T11:14:51: ============== Upload ==================
2021-05-24T11:14:51: Parsed
2021-05-24T11:14:51: Authenticated
2021-05-24T11:18:17: ============== Upload ==================
2021-05-24T11:18:17: Parsed
2021-05-24T11:18:17: Authenticated
2021-05-24T11:18:22: ============== Upload ==================
2021-05-24T11:18:22: Parsed
2021-05-24T11:18:22: Authenticated
2021-05-24T11:18:27: ============== Upload ==================
2021-05-24T11:18:27: Parsed
2021-05-24T11:18:27: Authenticated
2021-05-24T11:18:31: ============== Upload ==================
2021-05-24T11:18:31: Parsed
2021-05-24T11:18:31: Authenticated
2021-05-24T11:18:35: ============== Upload ==================
2021-05-24T11:18:35: Parsed
2021-05-24T11:18:35: Authenticated
2021-05-24T11:18:40: ============== Upload ==================
2021-05-24T11:18:40: Parsed
2021-05-24T11:18:40: Authenticated
2021-05-25T05:21:32: ============== Upload ==================
2021-05-25T05:21:32: Parsed
2021-05-25T05:21:32: Authenticated
2021-05-25T05:21:35: ============== Upload ==================
2021-05-25T05:21:36: Parsed
2021-05-25T05:21:36: Authenticated
2021-05-25T05:21:40: ============== Upload ==================
2021-05-25T05:21:41: Parsed
2021-05-25T05:21:41: Authenticated
2021-05-25T05:21:44: ============== Upload ==================
2021-05-25T05:21:45: Parsed
2021-05-25T05:21:45: Authenticated
2021-05-25T05:21:49: ============== Upload ==================
2021-05-25T05:21:50: Parsed
2021-05-25T05:21:50: Authenticated
2021-05-25T05:21:55: ============== Upload ==================
2021-05-25T05:21:55: Parsed
2021-05-25T05:21:55: Authenticated
2021-05-25T08:50:57: ============== Upload ==================
2021-05-25T08:50:57: Parsed
2021-05-25T08:50:57: Authenticated
2021-05-25T08:51:00: ============== Upload ==================
2021-05-25T08:51:00: Parsed
2021-05-25T08:51:00: Authenticated
2021-05-25T08:51:04: ============== Upload ==================
2021-05-25T08:51:04: Parsed
2021-05-25T08:51:04: Authenticated
2021-05-25T08:51:08: ============== Upload ==================
2021-05-25T08:51:08: Parsed
2021-05-25T08:51:08: Authenticated
2021-05-25T08:51:13: ============== Upload ==================
2021-05-25T08:51:13: Parsed
2021-05-25T08:51:13: Authenticated
2021-05-25T08:51:15: ============== Upload ==================
2021-05-25T08:51:15: Parsed
2021-05-25T08:51:15: Authenticated
